2
1-1          2743.1
0-1          2801.63
0-50          2004.27
1-50          2019.01
0-100          1785.3
1-100          1793.79
0-150          1651.73
1-150          1676.05
0-200          1548.07
1-200          1571.11
0-250          1488.52
1-250          1498.41
0-300          1438.86
1-300          1462.34
0-350          1385.64
1-350          1417.57
0-400          1355.39
1-400          1376.43
0-450          1320.45
1-450          1363.16
0-500          1297.52
1-500          1342.7
0-550          1265.95
1-550          1328.43
0-600          1248.1
1-600          1315.74
0-650          1225.41
1-650          1300.53
0-700          1210.97
1-700          1287.89
0-750          1189.33
1-750          1273.37
0-800          1177.25
1-800          1248.48
0-850          1173.38
1-850          1235.94
0-900          1164.39
1-900          1226.96
0-950          1155.97
1-950          1213.79
0-1000          1143.44
1-1000          1207.84
0-1050          1124.47
1-1050          1207.03
0-1100          1117.11
1-1100          1194.22
0-1150          1098.86
1-1150          1190.24
0-1200          1085.91
1-1200          1186.96
0-1250          1076.01
1-1250          1181.63
0-1300          1070.34
1-1300          1170.18
0-1350          1063.01
1-1350          1170.15
0-1400          1059.81
1-1400          1169.45
0-1450          1058.52
1-1450          1161.49
0-1500          1048.3
1-1500          1157.37
0-1550          1037.82
1-1550          1143.72
0-1600          1036.93
1-1600          1141.63
0-1650          1030.14
1-1650          1135.63
0-1700          1023.42
1-1700          1131.18
0-1750          1020.28
1-1750          1128.91
0-1800          1014.34
1-1800          1128.5
0-1850          1002.1
1-1850          1122.44
0-1900          996.449
1-1900          1115.98
0-1950          992.125
1-1950          1102.77
0-2000          985.026
1-2000          1090.05
0-2050          983.768
1-2050          1082.1
0-2100          976.834
1-2100          1073.85
0-2150          974.413
1-2150          1072.02
0-2200          971.048
1-2200          1064.74
0-2250          971.048
1-2250          1061.13
0-2300          971.048
1-2300          1060.64
0-2350          968.246
1-2350          1056.46
0-2400          966.746
1-2400          1044.97
0-2450          966.385
1-2450          1035.53
0-2500          964.744
1-2500          1034
0-2550          963.064
1-2550          1032.95
0-2600          959.228
1-2600          1032.08
0-2650          958.641
1-2650          1026.96
0-2700          954.944
1-2700          1024.76
0-2750          953.083
1-2750          1022.03
0-2800          951.141
1-2800          1019.05
0-2850          943.088
1-2850          1017.08
0-2900          941.926
1-2900          1014.52
0-2950          941.588
1-2950          1012.16
0-3000          940.918
1-3000          1008.74
0-3050          938.311
1-3050          1006.95
0-3100          937.706
1-3100          1006.33
0-3150          935.613
1-3150          1004.06
0-3200          933.078
1-3200          1003.91
0-3250          932.271
1-3250          997.925
0-3300          932.271
1-3300          994.625
0-3350          931.749
1-3350          992.803
0-3400          931.367
1-3400          991.325
0-3450          931.367
1-3450          989.343
0-3500          931.367
1-3500          983.638
0-3550          929.768
1-3550          981.367
0-3600          925.321
1-3600          974.205
0-3650          924.427
1-3650          972.033
0-3700          923.359
1-3700          972.033
0-3750          922.187
1-3750          963.038
0-3800          922.187
1-3800          958.412
0-3850          922.187
1-3850          956.619
0-3900          921.931
1-3900          954.261
0-3950          921.931
1-3950          954.114
0-4000          920.914
1-4000          951.709
0-4050          920.238
1-4050          951.272
0-4100          919.376
1-4100          950.107
0-4150          918.418
1-4150          948.255
0-4200          918.418
1-4200          944.317
0-4250          917.358
1-4250          936.421
0-4300          916.934
1-4300          936.421
0-4350          916.934
1-4350          935.267
0-4400          916.728
1-4400          934.582
0-4450          915.833
1-4450          932.377
0-4500          915.627
1-4500          932.161
0-4550          914.401
1-4550          931.656
0-4600          914.401
1-4600          927.768
0-4650          907.161
1-4650          927.573
0-4700          907.161
1-4700          927.573
0-4750          906.961
1-4750          925.477
0-4800          906.475
1-4800          924.96
0-4850          906.287
1-4850          924.96
0-4900          906.287
1-4900          923.548
0-4950          905.903
1-4950          923.146
0-5000          904.742
1-5000          923.066
0-5050          904.742
1-5050          923.066
0-5100          904.503
1-5100          921.224
0-5150          902.446
1-5150          921.224
0-5200          902.446
1-5200          916.178
0-5250          902.335
1-5250          914.446
0-5300          901.81
1-5300          914.446
0-5350          901.81
1-5350          912.944
0-5400          900.73
1-5400          912.944
0-5450          900.204
1-5450          912.877
0-5500          900.181
1-5500          911.598
0-5550          899.712
1-5550          911.598
0-5600          899.567
1-5600          911.387
0-5650          899.567
1-5650          908.937
0-5700          898.832
1-5700          908.365
0-5750          898.374
1-5750          907.321
0-5800          887.956
1-5800          907.321
0-5850          887.606
1-5850          906.641
0-5900          887.606
1-5900          906.605
0-5950          884.954
1-5950          906.084
0-6000          884.846
1-6000          906.044
0-6050          884.589
1-6050          904.251
0-6100          883.67
1-6100          902.197
0-6150          882.231
1-6150          897.961
0-6200          881.817
1-6200          897.389
0-6250          881.817
1-6250          897.389
0-6300          881.817
1-6300          897.389
0-6350          881.817
1-6350          895.737
0-6400          878.821
1-6400          895.737
0-6450          878.764
1-6450          895.737
0-6500          878.764
1-6500          894.561
0-6550          878.489
1-6550          894.246
0-6600          878.146
1-6600          893.856
0-6650          875.725
1-6650          893.645
0-6700          875.358
1-6700          891.799
0-6750          875.358
1-6750          890.86
0-6800          872.262
1-6800          890.077
0-6850          872.262
1-6850          888.93
0-6900          871.051
1-6900          888.875
0-6950          869.289
1-6950          888.347
0-7000          869.289
1-7000          888.347
0-7050          869.075
1-7050          888.203
0-7100          869.075
1-7100          888.203
0-7150          869.075
1-7150          887.693
0-7200          868.406
1-7200          887.693
0-7250          868.117
1-7250          887.693
0-7300          868.05
1-7300          887.463
0-7350          868.05
1-7350          885.034
0-7400          867.492
1-7400          882.48
0-7450          867.492
1-7450          882.48
0-7500          867.492
1-7500          882.48
0-7550          867.492
1-7550          881.756
0-7600          867.492
1-7600          879.734
0-7650          866.857
1-7650          879.734
0-7700          866.857
1-7700          879.734
0-7750          866.857
1-7750          878.626
0-7800          866.436
1-7800          878.568
0-7850          866.436
1-7850          878.143
0-7900          866.436
1-7900          878.143
0-7950          866.436
1-7950          876.554
0-8000          866.419
1-8000          876.3
0-8050          866.419
1-8050          875.147
0-8100          859.92
1-8100          875.055
0-8150          859.464
1-8150          874.632
0-8200          859.464
1-8200          874.632
0-8250          859.464
1-8250          871.001
0-8300          855.315
1-8300          870.125
0-8350          855.242
1-8350          870.125
0-8400          854.637
1-8400          870.125
0-8450          854.14
1-8450          870.125
0-8500          854.14
1-8500          869.447
0-8550          854.14
1-8550          869.447
0-8600          853.829
1-8600          869.04
0-8650          853.829
1-8650          869.028
0-8700          853.829
1-8700          869.028
0-8750          853.829
1-8750          868.834
0-8800          853.829
1-8800          868.548
0-8850          853.829
1-8850          868.418
0-8900          853.829
1-8900          868.376
0-8950          853.829
1-8950          868.376
0-9000          853.414
1-9000          867.433
0-9050          853.209
1-9050          867.433
0-9100          853.175
1-9100          866.834
0-9150          853.175
1-9150          866.834
0-9200          852.62
1-9200          865.874
0-9250          852.62
1-9250          865.874
0-9300          851.846
1-9300          865.625
0-9350          851.778
1-9350          865.229
0-9400          851.778
1-9400          865.229
0-9450          851.778
1-9450          865.229
0-9500          851.102
1-9500          865.229
0-9550          850.926
1-9550          862.417
0-9600          850.732
1-9600          862.417
0-9650          850.732
1-9650          862.223
0-9700          850.732
1-9700          862.223
0-9750          850.439
1-9750          862.178
0-9800          850.439
1-9800          862.178
0-9850          850.439
1-9850          861.44
0-9900          850.421
1-9900          859.623
0-9950          850.421
1-9950          859.623
0-10000          850.421
1-10000          859.113
T-1-          61401748
T-0-          61095886
OPT          533.648
SUBOPT          850.421
