5          2349.42
5          2342.86
10          2157.51
10          2115.67
15          1952.15
15          2000.72
20          1840.75
20          1908.66
25          1750.3
25          1830.45
30          1674.16
30          1751.25
35          1605.75
35          1685.48
40          1542.25
40          1644.59
45          1492.79
45          1602.71
50          1451
50          1556.26
55          1403.82
55          1531.45
60          1364.01
60          1497.44
65          1324.2
65          1465.25
70          1280.99
70          1437.52
75          1248.28
75          1405.11
80          1224.52
80          1387.97
85          1199.55
85          1361.93
90          1177.36
90          1331.36
95          1161.57
95          1310.02
100          1142.81
OPT          533.648
100          1287.52
OPT          533.648
