10
3-1          2817.83
1-1          2839.69
9-1          2858.65
2-1          2855.8
7-1          2801.81
8-1          2880.44
4-1          2883.26
0-1          2845.82
6-1          2842.52
5-1          2833.98
7-50          2099.85
1-50          2031.16
2-50          2033.78
5-50          2052.24
9-50          1930.35
8-50          2055.16
6-50          2064.16
3-50          2079.83
4-50          2003.04
0-50          2032.93
1-50          1930.35
2-50          1930.35
4-50          1930.35
9-50          1930.35
3-50          1930.35
7-50          1930.35
5-50          1930.35
6-50          1930.35
0-50          1930.35
8-50          1930.35
7-100          1692.21
2-100          1731.79
9-100          1711.61
8-100          1723.24
5-100          1740.23
3-100          1749.96
6-100          1709.6
4-100          1721.93
1-100          1735.32
0-100          1729.65
9-100          1692.21
8-100          1692.21
7-100          1692.21
2-100          1692.21
5-100          1692.21
3-100          1692.21
6-100          1692.21
4-100          1692.21
1-100          1692.21
0-100          1692.21
7-150          1559.43
1-150          1571.36
8-150          1565.95
6-150          1540.37
9-150          1573.38
2-150          1560.95
3-150          1570.56
5-150          1555.27
4-150          1548.57
0-150          1563.14
1-150          1540.37
9-150          1540.37
2-150          1540.37
7-150          1540.37
5-150          1540.37
8-150          1540.37
3-150          1540.37
0-150          1540.37
6-150          1540.37
4-150          1540.37
7-200          1453.41
2-200          1436.21
3-200          1471.31
1-200          1470.98
5-200          1446.03
9-200          1446.66
8-200          1455.79
6-200          1471.87
4-200          1446.74
0-200          1448.34
9-200          1436.21
6-200          1436.21
1-200          1436.21
7-200          1436.21
8-200          1436.21
2-200          1436.21
4-200          1436.21
5-200          1436.21
0-200          1436.21
3-200          1436.21
7-250          1350.04
2-250          1370.87
6-250          1373.47
1-250          1376.48
8-250          1383.01
9-250          1365.13
3-250          1377.2
5-250          1376.12
4-250          1367.28
0-250          1387.46
9-250          1350.04
8-250          1350.04
1-250          1350.04
2-250          1350.04
7-250          1350.04
0-250          1350.04
5-250          1350.04
3-250          1350.04
6-250          1350.04
4-250          1350.04
6-300          1302.52
7-300          1314.85
3-300          1289.62
2-300          1314.88
9-300          1310.86
8-300          1303.83
1-300          1318.16
4-300          1299.11
5-300          1306.15
0-300          1295.25
1-300          1289.62
9-300          1289.62
7-300          1289.62
2-300          1289.62
5-300          1289.62
4-300          1289.62
8-300          1289.62
6-300          1289.62
3-300          1289.62
0-300          1289.62
7-350          1236.89
5-350          1266.59
3-350          1263.78
2-350          1259.07
6-350          1246.88
8-350          1252.92
9-350          1259.62
1-350          1270.03
4-350          1261.55
0-350          1277.51
9-350          1236.89
1-350          1236.89
2-350          1236.89
7-350          1236.89
5-350          1236.89
0-350          1236.89
3-350          1236.89
8-350          1236.89
4-350          1236.89
6-350          1236.89
9-400          1204.29
7-400          1209.43
2-400          1194.45
1-400          1204.16
5-400          1214.39
6-400          1213.68
3-400          1191.88
4-400          1208.09
8-400          1191.43
0-400          1196.29
9-400          1191.43
1-400          1191.43
6-400          1191.43
7-400          1191.43
2-400          1191.43
0-400          1191.43
5-400          1191.43
3-400          1191.43
4-400          1191.43
8-400          1191.43
7-450          1165.12
1-450          1161.04
5-450          1166.83
2-450          1179.64
6-450          1175.6
8-450          1169.92
4-450          1158.03
3-450          1157.32
9-450          1170.75
0-450          1167.45
9-450          1157.32
7-450          1157.32
1-450          1157.32
4-450          1157.32
8-450          1157.32
2-450          1157.32
0-450          1157.32
5-450          1157.32
3-450          1157.32
6-450          1157.32
7-500          1142.38
2-500          1136.67
3-500          1139.83
5-500          1135.76
1-500          1134.94
9-500          1143.75
4-500          1140.22
6-500          1135.2
8-500          1142.83
0-500          1146.31
1-500          1134.94
9-500          1134.94
2-500          1134.94
7-500          1134.94
5-500          1134.94
0-500          1134.94
6-500          1134.94
4-500          1134.94
8-500          1134.94
3-500          1134.94
2-550          1123.43
7-550          1123.22
6-550          1119.21
1-550          1129.42
9-550          1127.6
5-550          1127.81
8-550          1113.46
4-550          1112.83
3-550          1115.61
0-550          1126.51
1-550          1112.83
9-550          1112.83
7-550          1112.83
2-550          1112.83
5-550          1112.83
8-550          1112.83
4-550          1112.83
6-550          1112.83
3-550          1112.83
0-550          1112.83
7-600          1094.17
2-600          1094.2
9-600          1105.75
5-600          1099.79
6-600          1102.38
1-600          1096.14
8-600          1092.3
4-600          1099.85
3-600          1106.96
0-600          1097.88
1-600          1092.3
2-600          1092.3
5-600          1092.3
6-600          1092.3
4-600          1092.3
8-600          1092.3
0-600          1092.3
3-600          1092.3
7-600          1092.3
9-600          1092.3
2-650          1081.35
6-650          1084.45
7-650          1082.76
1-650          1080.26
9-650          1086.8
8-650          1081.86
5-650          1070.28
4-650          1074.72
3-650          1078.64
0-650          1078.6
1-650          1070.28
8-650          1070.28
9-650          1070.28
3-650          1070.28
7-650          1070.28
2-650          1070.28
5-650          1070.28
0-650          1070.28
6-650          1070.28
4-650          1070.28
7-700          1066.71
9-700          1058.26
3-700          1058.7
6-700          1064.55
2-700          1067.28
4-700          1051.26
1-700          1061.56
8-700          1065.23
5-700          1060.32
0-700          1062.24
1-700          1051.26
2-700          1051.26
9-700          1051.26
7-700          1051.26
0-700          1051.26
5-700          1051.26
4-700          1051.26
8-700          1051.26
3-700          1051.26
6-700          1051.26
7-750          1047.15
2-750          1048.25
6-750          1043.33
3-750          1042.31
9-750          1043.82
8-750          1046.83
1-750          1039.72
4-750          1048.21
5-750          1037.33
0-750          1037.8
1-750          1037.33
3-750          1037.33
7-750          1037.33
2-750          1037.33
5-750          1037.33
0-750          1037.33
4-750          1037.33
6-750          1037.33
8-750          1037.33
9-750          1037.33
7-800          1029.38
6-800          1028.93
2-800          1031.21
9-800          1031.9
1-800          1028.55
5-800          1028.96
4-800          1030.74
8-800          1035
3-800          1024.26
0-800          1032.31
1-800          1024.26
9-800          1024.26
3-800          1024.26
7-800          1024.26
2-800          1024.26
5-800          1024.26
0-800          1024.26
6-800          1024.26
4-800          1024.26
8-800          1024.26
6-850          1019.57
7-850          1021.81
9-850          1019.85
2-850          1018.98
1-850          1015.86
5-850          1019.37
4-850          1014.62
8-850          1021.93
3-850          1014.99
0-850          1018.13
1-850          1014.62
6-850          1014.62
2-850          1014.62
7-850          1014.62
9-850          1014.62
5-850          1014.62
4-850          1014.62
8-850          1014.62
3-850          1014.62
0-850          1014.62
7-900          1006.67
6-900          1009.45
2-900          1008.04
9-900          1005.6
3-900          1012
4-900          1006.22
1-900          1013
8-900          1008.21
5-900          1010.4
0-900          1009.45
1-900          1005.6
2-900          1005.6
7-900          1005.6
3-900          1005.6
9-900          1005.6
0-900          1005.6
5-900          1005.6
4-900          1005.6
6-900          1005.6
8-900          1005.6
7-950          1002.84
2-950          1002.2
6-950          993.892
1-950          996.265
9-950          999.244
5-950          997.336
8-950          995.807
4-950          999.323
3-950          994.7
0-950          993.4
1-950          993.4
2-950          993.4
7-950          993.4
9-950          993.4
5-950          993.4
8-950          993.4
4-950          993.4
6-950          993.4
3-950          993.4
0-950          993.4
9-1000          990.021
7-1000          984.02
2-1000          987.322
6-1000          990.239
8-1000          988.75
1-1000          987.443
4-1000          989.502
5-1000          990.695
3-1000          989.38
0-1000          991.343
1-1000          984.02
2-1000          984.02
7-1000          984.02
3-1000          984.02
9-1000          984.02
5-1000          984.02
8-1000          984.02
6-1000          984.02
4-1000          984.02
0-1000          984.02
7-1050          983.817
2-1050          981.498
6-1050          980.571
8-1050          973.895
9-1050          976.08
1-1050          980.227
5-1050          973.638
3-1050          977.02
4-1050          981.914
0-1050          976.199
1-1050          973.638
3-1050          973.638
2-1050          973.638
9-1050          973.638
5-1050          973.638
7-1050          973.638
6-1050          973.638
4-1050          973.638
8-1050          973.638
0-1050          973.638
7-1100          970.56
6-1100          965.899
2-1100          968.953
1-1100          966.928
3-1100          970.579
8-1100          971.431
9-1100          970.649
5-1100          972.412
4-1100          967.064
0-1100          971.019
2-1100          965.899
7-1100          965.899
8-1100          965.899
6-1100          965.899
3-1100          965.899
5-1100          965.899
0-1100          965.899
4-1100          965.899
1-1100          965.899
9-1100          965.899
7-1150          964.689
2-1150          962.504
6-1150          962.057
5-1150          963.5
8-1150          957.365
1-1150          964.691
9-1150          962.539
4-1150          958.406
3-1150          960.267
0-1150          963.343
1-1150          957.365
2-1150          957.365
8-1150          957.365
9-1150          957.365
7-1150          957.365
5-1150          957.365
6-1150          957.365
4-1150          957.365
0-1150          957.365
3-1150          957.365
7-1200          956.138
2-1200          956.179
1-1200          952.808
6-1200          953.262
8-1200          954.827
9-1200          953.786
5-1200          950.472
4-1200          950.312
3-1200          955.576
0-1200          957.365
2-1200          950.312
3-1200          950.312
7-1200          950.312
9-1200          950.312
8-1200          950.312
4-1200          950.312
0-1200          950.312
6-1200          950.312
5-1200          950.312
1-1200          950.312
7-1250          944.668
8-1250          946.177
2-1250          943.342
6-1250          949.162
9-1250          941.713
1-1250          948.106
3-1250          946.074
4-1250          947.674
5-1250          947.438
0-1250          943.823
1-1250          941.713
9-1250          941.713
2-1250          941.713
7-1250          941.713
5-1250          941.713
8-1250          941.713
0-1250          941.713
3-1250          941.713
4-1250          941.713
6-1250          941.713
7-1300          941.321
2-1300          937.581
8-1300          939.484
6-1300          938.689
3-1300          935.926
1-1300          938.467
9-1300          935.977
4-1300          938.905
5-1300          938.137
0-1300          941.357
1-1300          935.926
7-1300          935.926
2-1300          935.926
3-1300          935.926
9-1300          935.926
0-1300          935.926
6-1300          935.926
8-1300          935.926
4-1300          935.926
5-1300          935.926
7-1350          932.292
1-1350          930.914
2-1350          934.556
9-1350          933.669
6-1350          934.997
4-1350          931.853
8-1350          934.053
3-1350          933.68
5-1350          928.791
0-1350          934.408
9-1350          928.791
1-1350          928.791
5-1350          928.791
0-1350          928.791
8-1350          928.791
3-1350          928.791
6-1350          928.791
2-1350          928.791
4-1350          928.791
7-1350          928.791
7-1400          927.099
6-1400          926.253
2-1400          927.29
8-1400          925.488
9-1400          922.881
3-1400          928.358
4-1400          927.395
1-1400          927.869
0-1400          928.791
5-1400          923.644
1-1400          922.881
4-1400          922.881
7-1400          922.881
9-1400          922.881
2-1400          922.881
5-1400          922.881
8-1400          922.881
6-1400          922.881
3-1400          922.881
0-1400          922.881
7-1450          919.52
6-1450          920.868
9-1450          919.602
2-1450          921.489
1-1450          919.161
3-1450          922.043
8-1450          915.789
4-1450          919.436
5-1450          919.311
0-1450          922.489
9-1450          915.789
1-1450          915.789
2-1450          915.789
6-1450          915.789
7-1450          915.789
4-1450          915.789
5-1450          915.789
3-1450          915.789
0-1450          915.789
8-1450          915.789
7-1500          915.218
2-1500          915.754
6-1500          912.964
3-1500          914.116
8-1500          914.724
1-1500          914.153
4-1500          914.132
5-1500          914.072
9-1500          915.789
0-1500          915.562
1-1500          912.964
7-1500          912.964
9-1500          912.964
2-1500          912.964
5-1500          912.964
0-1500          912.964
8-1500          912.964
6-1500          912.964
4-1500          912.964
3-1500          912.964
6-1550          912.048
3-1550          911.724
2-1550          911.427
7-1550          909.617
9-1550          910.965
8-1550          911.938
1-1550          910.847
4-1550          911.686
5-1550          912.062
0-1550          911.266
1-1550          909.617
2-1550          909.617
7-1550          909.617
9-1550          909.617
5-1550          909.617
6-1550          909.617
8-1550          909.617
4-1550          909.617
0-1550          909.617
3-1550          909.617
7-1600          908.544
3-1600          909.242
2-1600          909.237
6-1600          909.48
9-1600          906.756
1-1600          907.925
8-1600          909.393
5-1600          908.82
4-1600          905.859
0-1600          907.632
1-1600          905.859
7-1600          905.859
9-1600          905.859
2-1600          905.859
8-1600          905.859
6-1600          905.859
4-1600          905.859
3-1600          905.859
5-1600          905.859
0-1600          905.859
7-1650          903.645
2-1650          905.741
8-1650          901.461
6-1650          905.704
3-1650          905.859
9-1650          896.65
4-1650          903.596
1-1650          903.169
5-1650          905.219
0-1650          903.74
7-1650          896.65
9-1650          896.65
2-1650          896.65
6-1650          896.65
8-1650          896.65
5-1650          896.65
3-1650          896.65
0-1650          896.65
1-1650          896.65
4-1650          896.65
2-1700          892.508
7-1700          893.566
8-1700          894.551
3-1700          896.65
6-1700          895.8
9-1700          893.852
1-1700          895.791
4-1700          896.299
5-1700          892.32
0-1700          894.352
1-1700          892.32
9-1700          892.32
2-1700          892.32
7-1700          892.32
5-1700          892.32
0-1700          892.32
6-1700          892.32
8-1700          892.32
4-1700          892.32
3-1700          892.32
8-1750          891.648
7-1750          890.668
2-1750          892.102
6-1750          892.29
3-1750          892.32
1-1750          891.353
9-1750          891.728
4-1750          888.987
5-1750          891.582
0-1750          891.187
1-1750          888.987
9-1750          888.987
2-1750          888.987
7-1750          888.987
5-1750          888.987
0-1750          888.987
6-1750          888.987
8-1750          888.987
4-1750          888.987
3-1750          888.987
7-1800          888.552
3-1800          888.987
6-1800          888.29
8-1800          888.863
1-1800          882.984
9-1800          888.987
2-1800          888.399
4-1800          887.054
5-1800          887.55
0-1800          887.549
6-1800          882.984
1-1800          882.984
9-1800          882.984
7-1800          882.984
2-1800          882.984
5-1800          882.984
0-1800          882.984
8-1800          882.984
4-1800          882.984
3-1800          882.984
7-1850          878.608
6-1850          881.574
2-1850          882.984
9-1850          882.416
1-1850          878.431
8-1850          879.728
3-1850          881.39
4-1850          880.547
5-1850          882.633
0-1850          873.059
1-1850          873.059
7-1850          873.059
2-1850          873.059
9-1850          873.059
3-1850          873.059
5-1850          873.059
6-1850          873.059
4-1850          873.059
8-1850          873.059
0-1850          873.059
7-1900          873.059
3-1900          871.458
6-1900          871.998
2-1900          871.466
8-1900          872.747
9-1900          871.359
1-1900          872.986
5-1900          872.456
4-1900          872.115
0-1900          870.456
1-1900          870.456
7-1900          870.456
9-1900          870.456
3-1900          870.456
2-1900          870.456
5-1900          870.456
8-1900          870.456
0-1900          870.456
4-1900          870.456
6-1900          870.456
7-1950          864.78
6-1950          869.645
9-1950          869.767
2-1950          867.967
3-1950          869.992
1-1950          869.119
8-1950          866.018
4-1950          864.63
5-1950          868.48
0-1950          866.171
2-1950          864.63
7-1950          864.63
4-1950          864.63
6-1950          864.63
1-1950          864.63
9-1950          864.63
5-1950          864.63
8-1950          864.63
3-1950          864.63
0-1950          864.63
6-2000          863.618
3-2000          864.63
1-2000          864.443
4-2000          864.63
2-2000          864.117
7-2000          864.434
5-2000          863.16
9-2000          863.667
8-2000          857.836
0-2000          864.63
8-2000          857.836
1-2000          857.836
2-2000          857.836
3-2000          857.836
7-2000          857.836
5-2000          857.836
0-2000          857.836
6-2000          857.836
9-2000          857.836
4-2000          857.836
7-2050          851.26
2-2050          857.338
6-2050          857.649
8-2050          855.868
4-2050          855.622
9-2050          852.973
3-2050          856.62
1-2050          855.756
5-2050          857.2
0-2050          857.836
1-2050          851.26
7-2050          851.26
2-2050          851.26
9-2050          851.26
5-2050          851.26
4-2050          851.26
6-2050          851.26
8-2050          851.26
3-2050          851.26
0-2050          851.26
7-2100          846.326
1-2100          850.428
2-2100          849.637
9-2100          850.744
6-2100          850.654
3-2100          851.26
8-2100          850.91
4-2100          851.077
5-2100          850.021
0-2100          850.069
9-2100          846.326
2-2100          846.326
4-2100          846.326
8-2100          846.326
7-2100          846.326
5-2100          846.326
0-2100          846.326
3-2100          846.326
6-2100          846.326
1-2100          846.326
1-2150          845.598
6-2150          843.617
7-2150          845.964
9-2150          845.949
8-2150          839.6
2-2150          841.806
3-2150          845.216
4-2150          845.78
5-2150          843.479
0-2150          840.907
1-2150          839.6
9-2150          839.6
7-2150          839.6
2-2150          839.6
5-2150          839.6
6-2150          839.6
8-2150          839.6
0-2150          839.6
3-2150          839.6
4-2150          839.6
7-2200          839.013
2-2200          839.161
6-2200          837.947
1-2200          838.902
3-2200          839.369
9-2200          836.562
8-2200          837.142
4-2200          836.777
5-2200          838.574
0-2200          839.548
1-2200          836.562
7-2200          836.562
2-2200          836.562
9-2200          836.562
5-2200          836.562
8-2200          836.562
4-2200          836.562
0-2200          836.562
3-2200          836.562
6-2200          836.562
7-2250          833.608
2-2250          836.129
6-2250          836.562
1-2250          835.95
8-2250          833.644
3-2250          836.562
9-2250          836.562
4-2250          834.567
0-2250          836.362
5-2250          831.709
2-2250          831.709
1-2250          831.709
7-2250          831.709
3-2250          831.709
9-2250          831.709
5-2250          831.709
8-2250          831.709
4-2250          831.709
0-2250          831.709
6-2250          831.709
7-2300          830.251
3-2300          829.189
2-2300          829.53
6-2300          831.709
8-2300          830.607
9-2300          831.709
1-2300          831.709
4-2300          830.962
5-2300          831.709
0-2300          831.279
1-2300          829.189
7-2300          829.189
6-2300          829.189
9-2300          829.189
2-2300          829.189
5-2300          829.189
0-2300          829.189
4-2300          829.189
3-2300          829.189
8-2300          829.189
7-2350          827.716
3-2350          824.517
2-2350          829.096
9-2350          828.406
6-2350          829.189
1-2350          821.854
5-2350          829.189
8-2350          827.891
4-2350          829.173
0-2350          828.818
7-2350          821.854
6-2350          821.854
1-2350          821.854
9-2350          821.854
3-2350          821.854
0-2350          821.854
2-2350          821.854
5-2350          821.854
4-2350          821.854
8-2350          821.854
7-2400          821.854
6-2400          819.791
9-2400          821.176
2-2400          815.362
3-2400          819.741
8-2400          821.854
1-2400          821.854
4-2400          820.54
5-2400          821.11
0-2400          819.997
8-2400          815.362
1-2400          815.362
6-2400          815.362
7-2400          815.362
2-2400          815.362
9-2400          815.362
3-2400          815.362
0-2400          815.362
4-2400          815.362
5-2400          815.362
7-2450          815.362
3-2450          815.362
6-2450          812.863
2-2450          815.309
9-2450          815.362
8-2450          813.796
1-2450          814.732
4-2450          815.362
5-2450          815.349
0-2450          815.327
1-2450          812.863
7-2450          812.863
3-2450          812.863
2-2450          812.863
5-2450          812.863
8-2450          812.863
6-2450          812.863
4-2450          812.863
0-2450          812.863
9-2450          812.863
9-2500          812.863
7-2500          810.931
3-2500          812.863
6-2500          812.863
2-2500          812.863
1-2500          812.62
8-2500          811.624
4-2500          812.863
5-2500          812.611
0-2500          812.863
1-2500          810.931
7-2500          810.931
2-2500          810.931
5-2500          810.931
9-2500          810.931
4-2500          810.931
6-2500          810.931
8-2500          810.931
0-2500          810.931
3-2500          810.931
7-2550          809.699
6-2550          810.931
2-2550          809.797
9-2550          808.715
3-2550          810.931
4-2550          810.697
8-2550          810.878
1-2550          810.213
5-2550          810.931
0-2550          809.806
1-2550          808.715
9-2550          808.715
2-2550          808.715
7-2550          808.715
5-2550          808.715
0-2550          808.715
8-2550          808.715
6-2550          808.715
4-2550          808.715
3-2550          808.715
6-2600          808.477
2-2600          808.242
7-2600          808.415
8-2600          808.715
3-2600          806.586
9-2600          808.715
1-2600          807.829
4-2600          808.589
5-2600          807.15
0-2600          808.715
1-2600          806.586
9-2600          806.586
7-2600          806.586
2-2600          806.586
0-2600          806.586
5-2600          806.586
4-2600          806.586
8-2600          806.586
6-2600          806.586
3-2600          806.586
2-2650          806.586
3-2650          806.434
6-2650          806.352
7-2650          806.157
8-2650          806.586
1-2650          806.586
9-2650          805.866
4-2650          805.7
5-2650          806.176
0-2650          806.255
1-2650          805.7
7-2650          805.7
2-2650          805.7
3-2650          805.7
5-2650          805.7
8-2650          805.7
6-2650          805.7
4-2650          805.7
0-2650          805.7
9-2650          805.7
6-2700          805.512
7-2700          805.012
8-2700          805.249
3-2700          805.626
2-2700          805.169
1-2700          805.25
9-2700          804.493
4-2700          804.132
5-2700          803.53
0-2700          805.466
2-2700          803.53
9-2700          803.53
7-2700          803.53
8-2700          803.53
4-2700          803.53
6-2700          803.53
0-2700          803.53
5-2700          803.53
3-2700          803.53
1-2700          803.53
6-2750          801.274
9-2750          803.142
2-2750          803.53
7-2750          803.53
8-2750          803.002
3-2750          803.53
1-2750          802.67
4-2750          802.449
5-2750          803.53
0-2750          803.446
1-2750          801.274
2-2750          801.274
3-2750          801.274
7-2750          801.274
5-2750          801.274
8-2750          801.274
4-2750          801.274
6-2750          801.274
0-2750          801.274
9-2750          801.274
7-2800          801.274
9-2800          801.095
6-2800          801.274
4-2800          799.801
3-2800          800.966
1-2800          800.99
5-2800          801.274
2-2800          801.274
8-2800          801.274
0-2800          801.274
8-2800          799.801
2-2800          799.801
7-2800          799.801
3-2800          799.801
0-2800          799.801
5-2800          799.801
4-2800          799.801
9-2800          799.801
6-2800          799.801
1-2800          799.801
2-2850          799.775
9-2850          799.566
8-2850          799.801
6-2850          799.041
4-2850          796.264
7-2850          799.801
0-2850          799.801
5-2850          799.801
1-2850          799.801
3-2850          799.801
1-2850          796.264
2-2850          796.264
7-2850          796.264
9-2850          796.264
0-2850          796.264
5-2850          796.264
4-2850          796.264
8-2850          796.264
6-2850          796.264
3-2850          796.264
6-2900          796.264
7-2900          796.264
2-2900          796.264
9-2900          796.264
8-2900          796.264
3-2900          796.264
1-2900          796.264
5-2900          796.253
4-2900          796.205
0-2900          796.264
7-2900          796.205
2-2900          796.205
1-2900          796.205
3-2900          796.205
9-2900          796.205
5-2900          796.205
8-2900          796.205
6-2900          796.205
4-2900          796.205
0-2900          796.205
3-2950          796.205
7-2950          795.737
2-2950          796.169
6-2950          795.687
8-2950          795.754
9-2950          796.205
1-2950          795.079
5-2950          796.205
4-2950          796.205
0-2950          796.205
1-2950          795.079
2-2950          795.079
7-2950          795.079
9-2950          795.079
5-2950          795.079
6-2950          795.079
8-2950          795.079
4-2950          795.079
3-2950          795.079
0-2950          795.079
7-3000          794.799
8-3000          794.628
2-3000          795.036
3-3000          794.512
5-3000          794.91
9-3000          795.079
6-3000          794.971
1-3000          795.079
4-3000          794.902
0-3000          795.079
1-3000          794.512
9-3000          794.512
2-3000          794.512
7-3000          794.512
5-3000          794.512
0-3000          794.512
6-3000          794.512
4-3000          794.512
8-3000          794.512
3-3000          794.512
6-3050          794.512
7-3050          793.879
9-3050          794.512
8-3050          794.439
2-3050          794.512
3-3050          794.453
1-3050          794.466
5-3050          794.512
4-3050          794.053
0-3050          794.059
1-3050          793.879
8-3050          793.879
7-3050          793.879
9-3050          793.879
2-3050          793.879
5-3050          793.879
0-3050          793.879
6-3050          793.879
4-3050          793.879
3-3050          793.879
3-3100          790.875
7-3100          793.101
9-3100          793.599
6-3100          793.879
8-3100          793.879
1-3100          793.879
2-3100          793.819
5-3100          793.734
4-3100          793.879
0-3100          792.445
1-3100          790.875
9-3100          790.875
2-3100          790.875
5-3100          790.875
8-3100          790.875
6-3100          790.875
4-3100          790.875
0-3100          790.875
3-3100          790.875
7-3100          790.875
3-3150          790.875
6-3150          790.706
8-3150          790.495
7-3150          790.875
9-3150          790.875
2-3150          790.7
1-3150          790.875
4-3150          787.369
5-3150          790.875
0-3150          790.394
1-3150          787.369
7-3150          787.369
9-3150          787.369
2-3150          787.369
5-3150          787.369
0-3150          787.369
8-3150          787.369
4-3150          787.369
6-3150          787.369
3-3150          787.369
3-3200          787.369
9-3200          787.334
7-3200          787.369
8-3200          787.153
2-3200          787.369
6-3200          786.244
1-3200          787.309
5-3200          787.309
4-3200          786.959
0-3200          787.369
1-3200          786.244
2-3200          786.244
3-3200          786.244
7-3200          786.244
5-3200          786.244
6-3200          786.244
4-3200          786.244
0-3200          786.244
9-3200          786.244
8-3200          786.244
3-3250          784.635
7-3250          785.57
2-3250          786.244
9-3250          785.985
6-3250          786.244
8-3250          786.244
1-3250          786.244
5-3250          786.182
4-3250          786.17
0-3250          786.244
1-3250          784.635
6-3250          784.635
2-3250          784.635
7-3250          784.635
9-3250          784.635
5-3250          784.635
0-3250          784.635
8-3250          784.635
4-3250          784.635
3-3250          784.635
7-3300          783.97
3-3300          784.365
2-3300          784.635
8-3300          784.635
6-3300          783.824
1-3300          784.463
5-3300          783.099
9-3300          784.463
4-3300          783.3
0-3300          784.635
6-3300          783.099
9-3300          783.099
7-3300          783.099
2-3300          783.099
5-3300          783.099
0-3300          783.099
4-3300          783.099
3-3300          783.099
8-3300          783.099
1-3300          783.099
7-3350          782.287
8-3350          783.099
3-3350          783.099
6-3350          783.099
2-3350          783.099
9-3350          782.914
5-3350          783.099
1-3350          781.451
4-3350          783.099
0-3350          782.667
1-3350          781.451
7-3350          781.451
2-3350          781.451
3-3350          781.451
9-3350          781.451
6-3350          781.451
8-3350          781.451
4-3350          781.451
0-3350          781.451
5-3350          781.451
7-3400          781.451
8-3400          781.451
6-3400          778.471
2-3400          780.935
3-3400          781.451
9-3400          779.882
1-3400          780.64
5-3400          781.451
4-3400          781.451
0-3400          781.451
7-3400          778.471
8-3400          778.471
2-3400          778.471
9-3400          778.471
5-3400          778.471
4-3400          778.471
6-3400          778.471
3-3400          778.471
0-3400          778.471
1-3400          778.471
7-3450          778.234
3-3450          778.471
6-3450          778.471
8-3450          778.431
2-3450          777.868
1-3450          778.428
9-3450          778.471
5-3450          778.471
4-3450          778.409
0-3450          778.471
1-3450          777.868
7-3450          777.868
2-3450          777.868
5-3450          777.868
6-3450          777.868
8-3450          777.868
0-3450          777.868
4-3450          777.868
9-3450          777.868
3-3450          777.868
8-3500          777.526
6-3500          777.868
3-3500          777.868
7-3500          777.619
2-3500          777.308
5-3500          777.851
9-3500          777.868
1-3500          777.524
4-3500          776.51
0-3500          777.69
1-3500          776.51
2-3500          776.51
9-3500          776.51
5-3500          776.51
8-3500          776.51
7-3500          776.51
4-3500          776.51
6-3500          776.51
0-3500          776.51
3-3500          776.51
7-3550          776.51
8-3550          776.51
9-3550          776.51
3-3550          770.197
6-3550          776.51
2-3550          776.45
1-3550          776.182
5-3550          776.51
4-3550          776.51
0-3550          776.51
1-3550          770.197
9-3550          770.197
7-3550          770.197
2-3550          770.197
5-3550          770.197
4-3550          770.197
8-3550          770.197
6-3550          770.197
0-3550          770.197
3-3550          770.197
6-3600          770.197
8-3600          770.197
3-3600          769.854
7-3600          770.197
1-3600          770.135
2-3600          770.197
9-3600          770.197
5-3600          770.197
4-3600          770.197
0-3600          770.135
9-3600          769.854
2-3600          769.854
8-3600          769.854
6-3600          769.854
7-3600          769.854
5-3600          769.854
3-3600          769.854
0-3600          769.854
4-3600          769.854
1-3600          769.854
8-3650          769.429
9-3650          769.854
3-3650          769.774
2-3650          769.441
5-3650          769.727
7-3650          769.854
6-3650          769.854
1-3650          769.854
4-3650          769.854
0-3650          769.469
1-3650          769.429
2-3650          769.429
7-3650          769.429
5-3650          769.429
3-3650          769.429
6-3650          769.429
8-3650          769.429
4-3650          769.429
0-3650          769.429
9-3650          769.429
7-3700          769.292
3-3700          769.429
6-3700          769.429
2-3700          769.429
8-3700          768.503
1-3700          768.671
5-3700          769.429
9-3700          767.38
4-3700          768.99
0-3700          768.34
1-3700          767.38
7-3700          767.38
3-3700          767.38
2-3700          767.38
5-3700          767.38
6-3700          767.38
4-3700          767.38
8-3700          767.38
9-3700          767.38
0-3700          767.38
6-3750          766.022
2-3750          766.925
3-3750          767.38
7-3750          766.994
8-3750          767.38
9-3750          767.38
1-3750          767.351
5-3750          767.339
4-3750          766.925
0-3750          766.968
7-3750          766.022
1-3750          766.022
8-3750          766.022
2-3750          766.022
9-3750          766.022
3-3750          766.022
5-3750          766.022
0-3750          766.022
6-3750          766.022
4-3750          766.022
3-3800          766.022
7-3800          766.022
8-3800          765.949
2-3800          766.022
6-3800          762.593
5-3800          763.09
9-3800          764.165
1-3800          763.976
4-3800          766.022
0-3800          766.022
9-3800          762.593
7-3800          762.593
8-3800          762.593
4-3800          762.593
2-3800          762.593
5-3800          762.593
0-3800          762.593
3-3800          762.593
6-3800          762.593
1-3800          762.593
7-3850          762.593
3-3850          762.593
1-3850          762.593
9-3850          762.593
5-3850          762.593
2-3850          762.386
6-3850          762.593
8-3850          762.593
0-3850          762.593
4-3850          762.005
1-3850          762.005
8-3850          762.005
2-3850          762.005
5-3850          762.005
3-3850          762.005
0-3850          762.005
9-3850          762.005
6-3850          762.005
4-3850          762.005
7-3850          762.005
2-3900          761.819
8-3900          762.005
9-3900          761.422
6-3900          761.933
7-3900          761.298
0-3900          762.005
4-3900          759.819
3-3900          761.677
1-3900          761.973
5-3900          762.005
9-3900          759.819
2-3900          759.819
6-3900          759.819
7-3900          759.819
0-3900          759.819
8-3900          759.819
3-3900          759.819
4-3900          759.819
1-3900          759.819
5-3900          759.819
7-3950          759.145
6-3950          758.887
3-3950          759.819
2-3950          759.819
9-3950          759.819
1-3950          759.819
8-3950          759.819
5-3950          759.819
4-3950          759.149
0-3950          759.819
9-3950          758.887
3-3950          758.887
2-3950          758.887
1-3950          758.887
7-3950          758.887
6-3950          758.887
4-3950          758.887
8-3950          758.887
0-3950          758.887
5-3950          758.887
6-4000          758.887
7-4000          757.825
3-4000          758.887
9-4000          758.872
2-4000          758.075
8-4000          758.887
1-4000          757.839
5-4000          758.638
4-4000          757.529
0-4000          758.863
1-4000          757.529
7-4000          757.529
2-4000          757.529
3-4000          757.529
0-4000          757.529
6-4000          757.529
8-4000          757.529
4-4000          757.529
9-4000          757.529
5-4000          757.529
7-4050          757.529
3-4050          757.393
6-4050          757.529
2-4050          757.301
9-4050          757.529
8-4050          757.529
1-4050          756.956
5-4050          756.484
4-4050          757.529
0-4050          757.529
7-4050          756.484
1-4050          756.484
9-4050          756.484
6-4050          756.484
8-4050          756.484
0-4050          756.484
2-4050          756.484
5-4050          756.484
4-4050          756.484
3-4050          756.484
7-4100          755.673
9-4100          755.749
2-4100          755.367
6-4100          756.484
3-4100          755.981
8-4100          756.299
1-4100          755.866
5-4100          756.484
4-4100          756.424
0-4100          755.749
1-4100          755.367
7-4100          755.367
9-4100          755.367
2-4100          755.367
6-4100          755.367
5-4100          755.367
4-4100          755.367
8-4100          755.367
3-4100          755.367
0-4100          755.367
7-4150          755.367
6-4150          755.17
3-4150          755.367
2-4150          755.367
8-4150          755.367
9-4150          755.367
1-4150          755.367
4-4150          755.057
5-4150          755.367
0-4150          755.307
6-4150          755.057
9-4150          755.057
1-4150          755.057
8-4150          755.057
2-4150          755.057
7-4150          755.057
4-4150          755.057
0-4150          755.057
3-4150          755.057
5-4150          755.057
7-4200          754.547
3-4200          755.057
6-4200          753.846
1-4200          754.92
2-4200          755.057
8-4200          754.86
9-4200          755.057
5-4200          755.057
4-4200          755.057
0-4200          754.634
1-4200          753.846
7-4200          753.846
6-4200          753.846
3-4200          753.846
5-4200          753.846
2-4200          753.846
0-4200          753.846
8-4200          753.846
4-4200          753.846
9-4200          753.846
7-4250          753.802
1-4250          753.667
3-4250          753.846
6-4250          753.836
2-4250          753.228
8-4250          753.846
9-4250          753.846
4-4250          753.846
5-4250          753.834
0-4250          753.846
9-4250          753.228
6-4250          753.228
2-4250          753.228
7-4250          753.228
5-4250          753.228
0-4250          753.228
3-4250          753.228
4-4250          753.228
8-4250          753.228
1-4250          753.228
7-4300          753.228
3-4300          753.228
9-4300          753.228
1-4300          753.228
6-4300          752.633
2-4300          753.228
8-4300          753.228
4-4300          753.228
5-4300          753.228
0-4300          753.228
1-4300          752.633
7-4300          752.633
9-4300          752.633
2-4300          752.633
6-4300          752.633
8-4300          752.633
4-4300          752.633
5-4300          752.633
3-4300          752.633
0-4300          752.633
7-4350          750.528
3-4350          752.548
2-4350          752.633
9-4350          752.633
8-4350          752.633
1-4350          751.32
4-4350          752.454
6-4350          752.589
5-4350          752.245
0-4350          752.633
1-4350          750.528
3-4350          750.528
7-4350          750.528
2-4350          750.528
6-4350          750.528
8-4350          750.528
9-4350          750.528
0-4350          750.528
4-4350          750.528
5-4350          750.528
3-4400          750.342
2-4400          750.528
7-4400          750.528
1-4400          750.382
8-4400          750.472
6-4400          750.156
9-4400          750.508
5-4400          750.528
4-4400          750.233
0-4400          750.528
1-4400          750.156
2-4400          750.156
3-4400          750.156
7-4400          750.156
5-4400          750.156
4-4400          750.156
6-4400          750.156
8-4400          750.156
0-4400          750.156
9-4400          750.156
7-4450          750.156
2-4450          748.971
8-4450          749.67
3-4450          750.156
6-4450          749.009
9-4450          750.144
1-4450          750.156
5-4450          750.156
4-4450          750.156
0-4450          750.156
1-4450          748.971
7-4450          748.971
3-4450          748.971
9-4450          748.971
2-4450          748.971
5-4450          748.971
8-4450          748.971
6-4450          748.971
4-4450          748.971
0-4450          748.971
7-4500          748.971
3-4500          748.781
1-4500          748.971
8-4500          748.971
9-4500          748.971
6-4500          748.971
2-4500          748.971
4-4500          748.517
5-4500          748.889
0-4500          748.971
9-4500          748.517
2-4500          748.517
4-4500          748.517
6-4500          748.517
1-4500          748.517
8-4500          748.517
5-4500          748.517
7-4500          748.517
3-4500          748.517
0-4500          748.517
3-4550          748.21
6-4550          748.517
9-4550          748.107
1-4550          748.517
8-4550          748.517
7-4550          748.517
2-4550          748.517
4-4550          748.056
5-4550          748.434
0-4550          748.517
1-4550          748.056
7-4550          748.056
2-4550          748.056
3-4550          748.056
9-4550          748.056
5-4550          748.056
8-4550          748.056
4-4550          748.056
6-4550          748.056
0-4550          748.056
2-4600          747.75
3-4600          747.484
7-4600          747.982
1-4600          747.119
8-4600          747.104
9-4600          748.056
6-4600          748.056
4-4600          748.056
5-4600          748.056
0-4600          748.056
1-4600          747.104
3-4600          747.104
7-4600          747.104
2-4600          747.104
5-4600          747.104
4-4600          747.104
6-4600          747.104
8-4600          747.104
0-4600          747.104
9-4600          747.104
7-4650          747.031
1-4650          747.104
8-4650          746.805
3-4650          747.104
2-4650          747.104
9-4650          747.088
6-4650          747.104
4-4650          747.104
5-4650          747.083
0-4650          747.104
1-4650          746.805
7-4650          746.805
2-4650          746.805
9-4650          746.805
5-4650          746.805
0-4650          746.805
8-4650          746.805
4-4650          746.805
6-4650          746.805
3-4650          746.805
7-4700          746.256
3-4700          746.805
2-4700          746.546
1-4700          746.73
8-4700          746.805
9-4700          746.805
6-4700          746.805
4-4700          746.805
5-4700          746.805
0-4700          746.805
1-4700          746.256
3-4700          746.256
9-4700          746.256
2-4700          746.256
7-4700          746.256
5-4700          746.256
6-4700          746.256
8-4700          746.256
4-4700          746.256
0-4700          746.256
7-4750          746.042
2-4750          745.734
3-4750          746.247
6-4750          746.042
9-4750          746.256
8-4750          746.129
1-4750          746.256
4-4750          746.256
5-4750          746.256
0-4750          746.256
1-4750          745.734
7-4750          745.734
2-4750          745.734
3-4750          745.734
5-4750          745.734
4-4750          745.734
6-4750          745.734
8-4750          745.734
0-4750          745.734
9-4750          745.734
7-4800          745.722
2-4800          745.734
3-4800          745.731
9-4800          745.734
8-4800          745.692
1-4800          745.734
6-4800          745.734
4-4800          745.203
5-4800          745.734
0-4800          745.734
2-4800          745.203
1-4800          745.203
7-4800          745.203
9-4800          745.203
5-4800          745.203
8-4800          745.203
6-4800          745.203
3-4800          745.203
0-4800          745.203
4-4800          745.203
2-4850          745.203
3-4850          745.203
7-4850          745.191
8-4850          745.203
9-4850          743.556
6-4850          744.651
1-4850          744.651
4-4850          745.203
5-4850          745.203
0-4850          745.203
1-4850          743.556
2-4850          743.556
9-4850          743.556
3-4850          743.556
7-4850          743.556
5-4850          743.556
0-4850          743.556
4-4850          743.556
6-4850          743.556
8-4850          743.556
2-4900          743.556
7-4900          743.556
3-4900          743.556
9-4900          742.524
8-4900          743.249
1-4900          743.556
5-4900          743.341
6-4900          743.556
4-4900          743.469
0-4900          743.124
6-4900          742.524
3-4900          742.524
5-4900          742.524
0-4900          742.524
1-4900          742.524
8-4900          742.524
4-4900          742.524
9-4900          742.524
7-4900          742.524
2-4900          742.524
2-4950          742.524
3-4950          742.483
7-4950          741.543
1-4950          741.484
8-4950          742.524
9-4950          742.524
4-4950          742.524
6-4950          742.524
5-4950          742.49
0-4950          742.524
1-4950          741.484
3-4950          741.484
9-4950          741.484
2-4950          741.484
0-4950          741.484
7-4950          741.484
5-4950          741.484
6-4950          741.484
8-4950          741.484
4-4950          741.484
6-5000          741.484
7-5000          741.484
2-5000          741.484
3-5000          741.212
9-5000          741.484
1-5000          741.27
8-5000          741.484
4-5000          741.484
5-5000          741.401
0-5000          740.362
1-5000          740.362
3-5000          740.362
2-5000          740.362
7-5000          740.362
5-5000          740.362
0-5000          740.362
6-5000          740.362
8-5000          740.362
4-5000          740.362
9-5000          740.362
2-5050          739.663
1-5050          740.362
9-5050          740.362
3-5050          739.42
7-5050          740.362
8-5050          740.149
6-5050          740.362
4-5050          740.147
5-5050          740.362
0-5050          740.362
1-5050          739.42
2-5050          739.42
9-5050          739.42
7-5050          739.42
5-5050          739.42
6-5050          739.42
4-5050          739.42
8-5050          739.42
0-5050          739.42
3-5050          739.42
7-5100          739.42
2-5100          738.006
3-5100          739.206
9-5100          739.42
8-5100          739.42
1-5100          739.42
6-5100          739.008
4-5100          739.42
5-5100          739.42
0-5100          739.42
1-5100          738.006
7-5100          738.006
9-5100          738.006
5-5100          738.006
3-5100          738.006
0-5100          738.006
8-5100          738.006
4-5100          738.006
6-5100          738.006
2-5100          738.006
7-5150          737.615
3-5150          738.006
1-5150          738.006
9-5150          738.006
2-5150          738.006
5-5150          738.006
6-5150          738.006
0-5150          737.899
8-5150          738.006
4-5150          737.606
9-5150          737.606
1-5150          737.606
8-5150          737.606
2-5150          737.606
7-5150          737.606
5-5150          737.606
0-5150          737.606
3-5150          737.606
6-5150          737.606
4-5150          737.606
2-5200          737.606
6-5200          737.606
1-5200          737.215
3-5200          737.606
8-5200          737.606
5-5200          737.392
4-5200          737.606
0-5200          737.359
9-5200          736.919
7-5200          736.432
1-5200          736.432
2-5200          736.432
3-5200          736.432
7-5200          736.432
0-5200          736.432
5-5200          736.432
8-5200          736.432
4-5200          736.432
6-5200          736.432
9-5200          736.432
2-5250          736.196
7-5250          736.432
9-5250          736.432
6-5250          736.432
8-5250          736.432
4-5250          736.218
0-5250          736.432
1-5250          736.432
3-5250          736.432
5-5250          736.432
7-5250          736.196
9-5250          736.196
1-5250          736.196
2-5250          736.196
5-5250          736.196
0-5250          736.196
3-5250          736.196
6-5250          736.196
8-5250          736.196
4-5250          736.196
7-5300          736.196
2-5300          736.196
3-5300          736.196
6-5300          736.196
9-5300          736.196
1-5300          736.196
4-5300          736.041
8-5300          736.196
5-5300          736.111
0-5300          736.142
1-5300          736.041
3-5300          736.041
2-5300          736.041
7-5300          736.041
5-5300          736.041
6-5300          736.041
8-5300          736.041
9-5300          736.041
4-5300          736.041
0-5300          736.041
7-5350          736.041
6-5350          736.041
2-5350          735.805
9-5350          735.935
3-5350          736.041
1-5350          736.041
8-5350          736.041
4-5350          736.041
5-5350          736.041
0-5350          736.041
9-5350          735.805
2-5350          735.805
3-5350          735.805
7-5350          735.805
8-5350          735.805
6-5350          735.805
0-5350          735.805
1-5350          735.805
4-5350          735.805
5-5350          735.805
6-5400          735.805
3-5400          735.805
2-5400          735.805
1-5400          735.118
7-5400          735.805
9-5400          735.805
8-5400          735.805
5-5400          735.805
4-5400          735.805
0-5400          735.805
1-5400          735.118
6-5400          735.118
9-5400          735.118
2-5400          735.118
7-5400          735.118
5-5400          735.118
8-5400          735.118
4-5400          735.118
3-5400          735.118
0-5400          735.118
3-5450          735.118
6-5450          734.957
7-5450          735.118
1-5450          735.118
9-5450          734.86
2-5450          735.118
8-5450          735.118
4-5450          734.86
5-5450          735.029
0-5450          735.118
1-5450          734.86
3-5450          734.86
2-5450          734.86
7-5450          734.86
5-5450          734.86
0-5450          734.86
8-5450          734.86
9-5450          734.86
4-5450          734.86
6-5450          734.86
3-5500          734.645
7-5500          734.86
6-5500          734.86
1-5500          734.86
8-5500          734.86
9-5500          734.86
2-5500          734.86
4-5500          734.86
5-5500          734.824
0-5500          734.645
1-5500          734.645
7-5500          734.645
2-5500          734.645
9-5500          734.645
3-5500          734.645
5-5500          734.645
6-5500          734.645
8-5500          734.645
0-5500          734.645
4-5500          734.645
6-5550          734.645
3-5550          734.645
2-5550          734.396
1-5550          734.624
7-5550          734.645
8-5550          734.645
9-5550          734.645
5-5550          734.388
4-5550          734.645
0-5550          734.645
1-5550          734.388
3-5550          734.388
7-5550          734.388
2-5550          734.388
0-5550          734.388
8-5550          734.388
6-5550          734.388
4-5550          734.388
9-5550          734.388
5-5550          734.388
6-5600          734.388
7-5600          734.388
3-5600          733.623
2-5600          734.388
1-5600          733.56
8-5600          734.388
9-5600          734.366
4-5600          734.24
5-5600          734.388
0-5600          734.388
7-5600          733.56
2-5600          733.56
6-5600          733.56
8-5600          733.56
9-5600          733.56
0-5600          733.56
5-5600          733.56
1-5600          733.56
4-5600          733.56
3-5600          733.56
9-5650          733.261
2-5650          733.253
7-5650          733.56
1-5650          733.56
6-5650          733.56
3-5650          733.56
8-5650          733.56
5-5650          733.56
4-5650          733.56
0-5650          733.181
1-5650          733.181
3-5650          733.181
2-5650          733.181
7-5650          733.181
0-5650          733.181
8-5650          733.181
5-5650          733.181
6-5650          733.181
9-5650          733.181
4-5650          733.181
9-5700          732.807
6-5700          732.367
7-5700          733.181
3-5700          733.181
1-5700          733.154
2-5700          733.093
8-5700          733.181
5-5700          733.181
4-5700          732.235
0-5700          733.093
7-5700          732.235
2-5700          732.235
9-5700          732.235
3-5700          732.235
8-5700          732.235
5-5700          732.235
0-5700          732.235
1-5700          732.235
6-5700          732.235
4-5700          732.235
9-5750          732.206
6-5750          732.203
7-5750          731.927
3-5750          732.235
2-5750          732.235
1-5750          732.235
8-5750          732.235
4-5750          732.235
5-5750          732.235
0-5750          731.278
1-5750          731.278
6-5750          731.278
7-5750          731.278
9-5750          731.278
2-5750          731.278
5-5750          731.278
8-5750          731.278
4-5750          731.278
3-5750          731.278
0-5750          731.278
9-5800          731.278
3-5800          731.278
6-5800          731.278
7-5800          731.278
2-5800          731.278
1-5800          731.255
8-5800          731.278
4-5800          731.278
5-5800          731.278
0-5800          731.278
6-5800          731.255
3-5800          731.255
2-5800          731.255
7-5800          731.255
5-5800          731.255
8-5800          731.255
0-5800          731.255
4-5800          731.255
1-5800          731.255
9-5800          731.255
7-5850          731.203
6-5850          731.255
9-5850          731.255
3-5850          731.255
8-5850          730.702
2-5850          731.255
1-5850          731.255
4-5850          731.255
5-5850          731.255
0-5850          731.246
1-5850          730.702
9-5850          730.702
7-5850          730.702
2-5850          730.702
5-5850          730.702
8-5850          730.702
4-5850          730.702
0-5850          730.702
3-5850          730.702
6-5850          730.702
7-5900          730.444
3-5900          730.702
6-5900          730.702
9-5900          730.702
1-5900          730.702
2-5900          730.702
8-5900          730.702
4-5900          730.702
5-5900          730.702
0-5900          730.702
1-5900          730.444
9-5900          730.444
2-5900          730.444
5-5900          730.444
0-5900          730.444
6-5900          730.444
8-5900          730.444
4-5900          730.444
3-5900          730.444
7-5900          730.444
7-5950          730.444
3-5950          729.676
2-5950          730.119
1-5950          730.444
6-5950          730.444
9-5950          730.415
8-5950          730.444
4-5950          730.444
5-5950          730.444
0-5950          729.646
1-5950          729.646
9-5950          729.646
7-5950          729.646
2-5950          729.646
5-5950          729.646
6-5950          729.646
8-5950          729.646
4-5950          729.646
0-5950          729.646
3-5950          729.646
6-6000          729.646
1-6000          729.646
3-6000          729.291
7-6000          729.646
2-6000          729.646
8-6000          729.646
9-6000          729.646
5-6000          729.646
4-6000          729.646
0-6000          729.646
1-6000          729.291
2-6000          729.291
7-6000          729.291
3-6000          729.291
5-6000          729.291
6-6000          729.291
0-6000          729.291
4-6000          729.291
8-6000          729.291
9-6000          729.291
3-6050          729.291
6-6050          729.291
7-6050          729.291
1-6050          729.291
2-6050          729.016
8-6050          729.197
9-6050          726.21
4-6050          729.291
0-6050          729.291
5-6050          729.238
1-6050          726.21
7-6050          726.21
9-6050          726.21
2-6050          726.21
5-6050          726.21
0-6050          726.21
6-6050          726.21
8-6050          726.21
3-6050          726.21
4-6050          726.21
7-6100          725.961
3-6100          726.21
6-6100          726.21
1-6100          726.121
9-6100          726.21
2-6100          726.21
8-6100          726.21
5-6100          726.21
4-6100          726.21
0-6100          726.21
1-6100          725.961
3-6100          725.961
7-6100          725.961
2-6100          725.961
5-6100          725.961
8-6100          725.961
4-6100          725.961
9-6100          725.961
0-6100          725.961
6-6100          725.961
6-6150          725.961
3-6150          725.961
7-6150          725.961
1-6150          725.961
2-6150          725.797
9-6150          725.961
8-6150          725.961
5-6150          725.961
4-6150          725.961
0-6150          725.961
1-6150          725.797
2-6150          725.797
3-6150          725.797
9-6150          725.797
0-6150          725.797
5-6150          725.797
8-6150          725.797
4-6150          725.797
6-6150          725.797
7-6150          725.797
2-6200          725.797
3-6200          725.797
6-6200          725.797
7-6200          725.797
1-6200          725.797
9-6200          725.797
4-6200          725.797
8-6200          725.797
5-6200          725.797
0-6200          725.797
1-6200          725.797
9-6200          725.797
3-6200          725.797
7-6200          725.797
2-6200          725.797
5-6200          725.797
8-6200          725.797
6-6200          725.797
0-6200          725.797
4-6200          725.797
6-6250          725.797
1-6250          725.573
8-6250          725.709
7-6250          725.797
3-6250          725.745
2-6250          725.797
9-6250          725.709
4-6250          724.992
5-6250          725.797
0-6250          725.797
1-6250          724.992
6-6250          724.992
3-6250          724.992
7-6250          724.992
5-6250          724.992
8-6250          724.992
9-6250          724.992
0-6250          724.992
2-6250          724.992
4-6250          724.992
7-6300          724.973
6-6300          724.96
3-6300          724.904
2-6300          724.992
1-6300          724.992
9-6300          724.992
8-6300          723.671
5-6300          724.846
4-6300          724.992
0-6300          724.992
1-6300          723.671
9-6300          723.671
7-6300          723.671
2-6300          723.671
5-6300          723.671
4-6300          723.671
6-6300          723.671
3-6300          723.671
8-6300          723.671
0-6300          723.671
7-6350          723.649
6-6350          723.671
3-6350          723.578
9-6350          723.671
5-6350          723.583
2-6350          723.446
1-6350          723.671
8-6350          723.671
4-6350          723.671
0-6350          723.671
1-6350          723.446
9-6350          723.446
7-6350          723.446
2-6350          723.446
5-6350          723.446
6-6350          723.446
8-6350          723.446
4-6350          723.446
3-6350          723.446
0-6350          723.446
3-6400          723.446
6-6400          723.407
7-6400          723.08
1-6400          723.446
9-6400          723.446
8-6400          723.446
2-6400          723.358
4-6400          723.446
5-6400          723.446
0-6400          723.446
7-6400          723.08
3-6400          723.08
9-6400          723.08
2-6400          723.08
6-6400          723.08
8-6400          723.08
0-6400          723.08
4-6400          723.08
5-6400          723.08
1-6400          723.08
6-6450          723.08
7-6450          723.08
9-6450          723.08
2-6450          723.08
3-6450          723.08
4-6450          723.08
1-6450          723.08
8-6450          723.08
5-6450          723.08
0-6450          723.08
9-6450          723.08
7-6450          723.08
4-6450          723.08
2-6450          723.08
5-6450          723.08
3-6450          723.08
8-6450          723.08
1-6450          723.08
0-6450          723.08
6-6450          723.08
7-6500          723.08
3-6500          722.852
6-6500          723.08
2-6500          723.08
1-6500          723.08
8-6500          723.08
9-6500          723.08
4-6500          723.08
5-6500          722.012
0-6500          723.08
1-6500          722.012
3-6500          722.012
5-6500          722.012
7-6500          722.012
6-6500          722.012
4-6500          722.012
8-6500          722.012
0-6500          722.012
9-6500          722.012
2-6500          722.012
6-6550          722.012
3-6550          722.012
9-6550          722.012
1-6550          722.012
2-6550          721.784
7-6550          722.012
8-6550          722.012
4-6550          722.012
5-6550          722.012
0-6550          722.012
9-6550          721.784
1-6550          721.784
2-6550          721.784
7-6550          721.784
5-6550          721.784
0-6550          721.784
3-6550          721.784
4-6550          721.784
8-6550          721.784
6-6550          721.784
7-6600          721.784
6-6600          721.784
9-6600          721.784
1-6600          721.784
3-6600          721.784
2-6600          721.784
8-6600          721.784
4-6600          721.784
5-6600          721.784
0-6600          721.784
1-6600          721.784
7-6600          721.784
9-6600          721.784
8-6600          721.784
6-6600          721.784
4-6600          721.784
5-6600          721.784
3-6600          721.784
0-6600          721.784
2-6600          721.784
7-6650          721.784
6-6650          721.752
3-6650          721.784
1-6650          721.784
8-6650          721.784
9-6650          721.784
2-6650          721.784
4-6650          721.784
0-6650          721.691
5-6650          721.735
1-6650          721.691
9-6650          721.691
7-6650          721.691
6-6650          721.691
4-6650          721.691
5-6650          721.691
3-6650          721.691
8-6650          721.691
0-6650          721.691
2-6650          721.691
7-6700          721.691
3-6700          721.673
9-6700          721.691
6-6700          721.691
1-6700          721.691
2-6700          721.691
8-6700          721.691
4-6700          721.691
5-6700          721.691
0-6700          721.691
1-6700          721.673
7-6700          721.673
3-6700          721.673
9-6700          721.673
5-6700          721.673
8-6700          721.673
4-6700          721.673
6-6700          721.673
0-6700          721.673
2-6700          721.673
7-6750          721.673
9-6750          721.673
3-6750          720.578
1-6750          721.673
2-6750          721.659
6-6750          721.673
8-6750          721.673
5-6750          720.522
4-6750          721.673
0-6750          721.673
1-6750          720.522
9-6750          720.522
2-6750          720.522
5-6750          720.522
6-6750          720.522
0-6750          720.522
8-6750          720.522
3-6750          720.522
7-6750          720.522
4-6750          720.522
9-6800          720.522
7-6800          720.522
2-6800          720.482
1-6800          720.473
6-6800          720.522
3-6800          720.434
8-6800          720.522
4-6800          720.522
5-6800          720.434
0-6800          720.522
7-6800          720.434
6-6800          720.434
2-6800          720.434
5-6800          720.434
9-6800          720.434
8-6800          720.434
4-6800          720.434
0-6800          720.434
3-6800          720.434
1-6800          720.434
2-6850          720.434
7-6850          720.434
9-6850          720.385
3-6850          720.434
1-6850          720.433
8-6850          720.434
6-6850          720.434
5-6850          720.434
4-6850          720.434
0-6850          720.434
1-6850          720.385
9-6850          720.385
2-6850          720.385
6-6850          720.385
8-6850          720.385
5-6850          720.385
4-6850          720.385
0-6850          720.385
3-6850          720.385
7-6850          720.385
9-6900          720.385
7-6900          720.385
1-6900          720.385
3-6900          720.385
5-6900          720.385
2-6900          720.385
0-6900          720.385
8-6900          720.385
4-6900          720.385
6-6900          720.385
3-6900          720.385
6-6900          720.385
2-6900          720.385
7-6900          720.385
5-6900          720.385
0-6900          720.385
4-6900          720.385
8-6900          720.385
1-6900          720.385
9-6900          720.385
3-6950          720.385
6-6950          720.385
8-6950          720.385
2-6950          720.344
9-6950          720.384
4-6950          720.385
5-6950          720.385
0-6950          720.385
7-6950          720.385
1-6950          720.385
9-6950          720.344
1-6950          720.344
6-6950          720.344
2-6950          720.344
7-6950          720.344
3-6950          720.344
0-6950          720.344
8-6950          720.344
4-6950          720.344
5-6950          720.344
7-7000          720.344
6-7000          720.344
8-7000          720.344
2-7000          720.344
1-7000          720.344
9-7000          720.344
4-7000          720.344
0-7000          720.344
3-7000          720.314
5-7000          720.344
1-7000          720.314
9-7000          720.314
2-7000          720.314
7-7000          720.314
6-7000          720.314
8-7000          720.314
4-7000          720.314
3-7000          720.314
0-7000          720.314
5-7000          720.314
6-7050          720.314
3-7050          720.314
9-7050          720.314
1-7050          720.314
7-7050          720.314
2-7050          720.314
5-7050          720.314
4-7050          720.314
8-7050          720.314
0-7050          720.314
1-7050          720.314
6-7050          720.314
9-7050          720.314
7-7050          720.314
5-7050          720.314
2-7050          720.314
8-7050          720.314
4-7050          720.314
0-7050          720.314
3-7050          720.314
6-7100          720.314
3-7100          720.314
2-7100          720.314
9-7100          720.314
5-7100          720.314
1-7100          720.314
7-7100          720.314
8-7100          720.314
4-7100          720.314
0-7100          720.314
7-7100          720.314
1-7100          720.314
6-7100          720.314
3-7100          720.314
2-7100          720.314
5-7100          720.314
0-7100          720.314
4-7100          720.314
9-7100          720.314
8-7100          720.314
7-7150          720.314
3-7150          720.314
1-7150          720.314
6-7150          720.314
9-7150          720.314
2-7150          720.314
4-7150          720.314
8-7150          720.314
5-7150          720.314
0-7150          720.314
1-7150          720.314
9-7150          720.314
2-7150          720.314
6-7150          720.314
8-7150          720.314
4-7150          720.314
3-7150          720.314
7-7150          720.314
5-7150          720.314
0-7150          720.314
7-7200          720.314
3-7200          720.314
6-7200          720.314
9-7200          720.314
2-7200          720.314
1-7200          720.314
5-7200          720.314
8-7200          720.314
4-7200          720.314
0-7200          720.314
1-7200          720.314
3-7200          720.314
2-7200          720.314
5-7200          720.314
6-7200          720.314
8-7200          720.314
4-7200          720.314
9-7200          720.314
7-7200          720.314
0-7200          720.314
6-7250          720.314
2-7250          720.314
7-7250          720.314
3-7250          720.314
1-7250          720.314
9-7250          720.314
8-7250          720.314
4-7250          720.314
5-7250          720.314
0-7250          720.314
1-7250          720.314
6-7250          720.314
9-7250          720.314
3-7250          720.314
7-7250          720.314
5-7250          720.314
2-7250          720.314
4-7250          720.314
8-7250          720.314
0-7250          720.314
3-7300          720.314
1-7300          720.314
9-7300          720.314
2-7300          720.314
7-7300          720.314
5-7300          720.314
6-7300          720.314
8-7300          720.314
4-7300          720.314
0-7300          720.314
1-7300          720.314
9-7300          720.314
7-7300          720.314
5-7300          720.314
2-7300          720.314
6-7300          720.314
4-7300          720.314
8-7300          720.314
0-7300          720.314
3-7300          720.314
7-7350          720.314
3-7350          720.314
6-7350          720.314
2-7350          720.314
9-7350          720.314
8-7350          720.314
1-7350          720.314
5-7350          720.314
4-7350          720.314
0-7350          720.314
1-7350          720.314
6-7350          720.314
9-7350          720.314
7-7350          720.314
5-7350          720.314
8-7350          720.314
4-7350          720.314
0-7350          720.314
3-7350          720.314
2-7350          720.314
3-7400          720.314
7-7400          720.314
6-7400          720.314
9-7400          720.314
8-7400          720.314
1-7400          720.314
2-7400          720.314
5-7400          720.314
4-7400          720.314
0-7400          720.314
1-7400          720.314
9-7400          720.314
7-7400          720.314
2-7400          720.314
5-7400          720.314
8-7400          720.314
4-7400          720.314
6-7400          720.314
3-7400          720.314
0-7400          720.314
9-7450          720.314
3-7450          720.314
8-7450          720.314
2-7450          720.314
7-7450          720.314
1-7450          720.314
6-7450          720.314
5-7450          720.314
4-7450          720.314
0-7450          720.314
1-7450          720.314
7-7450          720.314
9-7450          720.314
2-7450          720.314
5-7450          720.314
6-7450          720.314
8-7450          720.314
0-7450          720.314
3-7450          720.314
4-7450          720.314
3-7500          720.314
9-7500          720.314
2-7500          720.314
1-7500          720.314
5-7500          720.314
8-7500          720.314
6-7500          720.314
7-7500          720.314
4-7500          720.314
0-7500          720.314
1-7500          720.314
7-7500          720.314
9-7500          720.314
5-7500          720.314
2-7500          720.314
8-7500          720.314
4-7500          720.314
0-7500          720.314
3-7500          720.314
6-7500          720.314
7-7550          720.314
2-7550          720.314
9-7550          720.314
1-7550          720.314
3-7550          720.314
8-7550          720.314
6-7550          720.314
5-7550          720.314
4-7550          720.314
0-7550          720.314
1-7550          720.314
3-7550          720.314
9-7550          720.314
7-7550          720.314
8-7550          720.314
2-7550          720.314
6-7550          720.314
5-7550          720.314
4-7550          720.314
0-7550          720.314
7-7600          720.314
2-7600          720.314
3-7600          720.314
6-7600          720.314
1-7600          720.314
9-7600          720.314
8-7600          720.314
4-7600          720.314
5-7600          720.314
0-7600          720.314
1-7600          720.314
7-7600          720.314
9-7600          720.314
6-7600          720.314
8-7600          720.314
2-7600          720.314
0-7600          720.314
3-7600          720.314
5-7600          720.314
4-7600          720.314
7-7650          720.314
3-7650          720.314
6-7650          720.314
2-7650          720.314
9-7650          720.314
8-7650          720.314
1-7650          720.314
5-7650          720.314
4-7650          720.314
0-7650          720.314
1-7650          720.314
7-7650          720.314
3-7650          720.314
5-7650          720.314
2-7650          720.314
6-7650          720.314
8-7650          720.314
4-7650          720.314
9-7650          720.314
0-7650          720.314
3-7700          720.314
6-7700          720.314
7-7700          720.314
2-7700          720.314
9-7700          720.314
1-7700          720.314
8-7700          720.314
5-7700          720.314
4-7700          720.314
0-7700          720.314
1-7700          720.314
7-7700          720.314
9-7700          720.314
2-7700          720.314
0-7700          720.314
5-7700          720.314
6-7700          720.314
3-7700          720.314
4-7700          720.314
8-7700          720.314
6-7750          720.314
7-7750          720.314
3-7750          720.314
9-7750          720.314
2-7750          720.314
1-7750          720.314
8-7750          720.314
4-7750          720.314
5-7750          720.314
0-7750          720.314
1-7750          720.314
9-7750          720.314
2-7750          720.314
5-7750          720.314
7-7750          720.314
8-7750          720.314
4-7750          720.314
6-7750          720.314
0-7750          720.314
3-7750          720.314
3-7800          720.314
8-7800          720.314
1-7800          720.314
2-7800          720.314
7-7800          720.314
9-7800          720.314
6-7800          720.314
4-7800          720.314
5-7800          720.314
0-7800          720.314
1-7800          720.314
9-7800          720.314
7-7800          720.314
5-7800          720.314
2-7800          720.314
6-7800          720.314
8-7800          720.314
4-7800          720.314
3-7800          720.314
0-7800          720.314
7-7850          720.314
6-7850          720.314
3-7850          720.314
1-7850          720.314
2-7850          720.314
4-7850          720.314
9-7850          720.314
8-7850          720.314
5-7850          720.314
0-7850          720.314
1-7850          720.314
3-7850          720.314
7-7850          720.314
5-7850          720.314
2-7850          720.314
6-7850          720.314
4-7850          720.314
8-7850          720.314
0-7850          720.314
9-7850          720.314
6-7900          720.314
3-7900          720.314
7-7900          720.314
2-7900          720.314
1-7900          720.314
9-7900          720.314
8-7900          720.314
4-7900          720.314
5-7900          720.314
0-7900          720.314
1-7900          720.314
6-7900          720.314
3-7900          720.314
7-7900          720.314
5-7900          720.314
2-7900          720.314
0-7900          720.314
8-7900          720.314
4-7900          720.314
9-7900          720.314
6-7950          720.314
7-7950          720.314
3-7950          720.314
9-7950          720.314
2-7950          720.314
1-7950          720.314
4-7950          720.314
8-7950          720.314
5-7950          720.314
0-7950          720.314
7-7950          720.314
9-7950          720.314
2-7950          720.314
1-7950          720.314
0-7950          720.314
8-7950          720.314
5-7950          720.314
3-7950          720.314
6-7950          720.314
4-7950          720.314
6-8000          720.314
7-8000          720.314
3-8000          720.314
2-8000          720.314
9-8000          720.314
1-8000          720.314
8-8000          720.314
4-8000          720.314
5-8000          720.314
0-8000          720.314
1-8000          720.314
9-8000          720.314
7-8000          720.314
5-8000          720.314
2-8000          720.314
6-8000          720.314
8-8000          720.314
4-8000          720.314
0-8000          720.314
3-8000          720.314
6-8050          720.314
1-8050          720.314
9-8050          720.314
7-8050          720.314
3-8050          720.314
5-8050          720.314
2-8050          720.314
8-8050          720.314
4-8050          720.314
0-8050          720.314
1-8050          720.314
3-8050          720.314
9-8050          720.314
5-8050          720.314
2-8050          720.314
0-8050          720.314
6-8050          720.314
8-8050          720.314
7-8050          720.314
4-8050          720.314
6-8100          720.314
3-8100          720.314
2-8100          720.314
1-8100          720.314
9-8100          720.314
7-8100          720.314
8-8100          720.314
4-8100          720.314
5-8100          720.314
0-8100          720.314
1-8100          720.314
7-8100          720.314
9-8100          720.314
5-8100          720.314
6-8100          720.314
0-8100          720.314
8-8100          720.314
4-8100          720.314
3-8100          720.314
2-8100          720.314
6-8150          720.314
3-8150          720.314
9-8150          720.314
7-8150          720.314
1-8150          720.314
2-8150          720.314
5-8150          720.314
8-8150          720.314
4-8150          720.314
0-8150          720.314
1-8150          720.314
7-8150          720.314
9-8150          720.314
3-8150          720.314
5-8150          720.314
2-8150          720.314
6-8150          720.314
0-8150          720.314
8-8150          720.314
4-8150          720.314
7-8200          720.314
3-8200          720.314
6-8200          720.314
1-8200          720.314
9-8200          720.314
2-8200          720.314
5-8200          720.314
4-8200          720.314
8-8200          720.314
0-8200          720.314
3-8200          720.314
9-8200          720.314
8-8200          720.314
7-8200          720.314
5-8200          720.314
2-8200          720.314
0-8200          720.314
6-8200          720.314
1-8200          720.314
4-8200          720.314
6-8250          720.314
3-8250          720.314
9-8250          720.314
2-8250          720.314
1-8250          720.314
7-8250          720.314
5-8250          720.314
8-8250          720.314
4-8250          720.314
0-8250          720.314
1-8250          720.314
9-8250          720.314
7-8250          720.314
5-8250          720.314
2-8250          720.314
0-8250          720.314
6-8250          720.314
8-8250          720.314
3-8250          720.314
4-8250          720.314
6-8300          720.314
9-8300          720.314
7-8300          720.314
2-8300          720.314
3-8300          720.314
1-8300          720.314
5-8300          720.314
4-8300          720.314
8-8300          720.314
0-8300          720.314
1-8300          720.314
7-8300          720.314
3-8300          720.314
5-8300          720.314
6-8300          720.314
2-8300          720.314
8-8300          720.314
0-8300          720.314
9-8300          720.314
4-8300          720.314
6-8350          720.314
2-8350          720.314
7-8350          720.314
1-8350          720.314
9-8350          720.314
3-8350          720.314
5-8350          720.314
8-8350          720.314
4-8350          720.314
0-8350          720.314
1-8350          720.314
7-8350          720.314
9-8350          720.314
5-8350          720.314
2-8350          720.314
6-8350          720.314
8-8350          720.314
3-8350          720.314
0-8350          720.314
4-8350          720.314
6-8400          720.314
9-8400          720.314
3-8400          720.314
2-8400          720.314
7-8400          720.314
1-8400          720.314
8-8400          720.314
4-8400          720.314
5-8400          720.314
0-8400          720.314
1-8400          720.314
7-8400          720.314
3-8400          720.314
5-8400          720.314
6-8400          720.314
8-8400          720.314
2-8400          720.314
0-8400          720.314
9-8400          720.314
4-8400          720.314
9-8450          720.314
3-8450          720.314
1-8450          720.314
7-8450          720.314
2-8450          720.314
6-8450          720.314
4-8450          720.314
8-8450          720.314
5-8450          720.314
0-8450          720.314
9-8450          720.314
1-8450          720.314
5-8450          720.314
7-8450          720.314
2-8450          720.314
3-8450          720.314
6-8450          720.314
0-8450          720.314
4-8450          720.314
8-8450          720.314
6-8500          720.314
9-8500          720.314
1-8500          720.314
7-8500          720.314
2-8500          720.314
3-8500          720.314
8-8500          720.314
5-8500          720.314
4-8500          720.314
0-8500          720.314
1-8500          720.314
9-8500          720.314
3-8500          720.314
7-8500          720.314
5-8500          720.314
6-8500          720.314
2-8500          720.314
8-8500          720.314
4-8500          720.314
0-8500          720.314
6-8550          720.314
9-8550          720.314
7-8550          720.314
3-8550          720.314
1-8550          720.314
4-8550          720.314
5-8550          720.314
2-8550          720.314
8-8550          720.314
0-8550          720.314
1-8550          720.314
9-8550          720.314
7-8550          720.314
5-8550          720.314
6-8550          720.314
0-8550          720.314
8-8550          720.314
2-8550          720.314
3-8550          720.314
4-8550          720.314
9-8600          720.314
6-8600          720.314
7-8600          720.314
3-8600          720.314
4-8600          720.314
1-8600          720.314
2-8600          720.314
8-8600          720.314
5-8600          720.314
0-8600          720.314
1-8600          720.314
9-8600          720.314
3-8600          720.314
7-8600          720.314
5-8600          720.314
6-8600          720.314
8-8600          720.314
0-8600          720.314
2-8600          720.314
4-8600          720.314
6-8650          720.314
3-8650          720.314
2-8650          720.314
1-8650          720.314
7-8650          720.314
9-8650          720.314
8-8650          720.314
5-8650          720.314
4-8650          720.314
0-8650          720.314
3-8650          720.314
7-8650          720.314
6-8650          720.314
5-8650          720.314
0-8650          720.314
9-8650          720.314
8-8650          720.314
4-8650          720.314
1-8650          720.314
2-8650          720.314
6-8700          720.314
3-8700          720.314
7-8700          720.314
9-8700          720.314
2-8700          720.314
1-8700          720.314
5-8700          720.314
8-8700          720.314
4-8700          720.314
0-8700          720.314
1-8700          720.314
3-8700          720.314
7-8700          720.314
5-8700          720.314
6-8700          720.314
8-8700          720.314
0-8700          720.314
2-8700          720.314
4-8700          720.314
9-8700          720.314
6-8750          720.314
3-8750          720.314
1-8750          720.314
7-8750          720.314
2-8750          720.314
8-8750          720.314
4-8750          720.314
9-8750          720.314
5-8750          720.314
0-8750          720.314
1-8750          720.314
7-8750          720.314
9-8750          720.314
3-8750          720.314
5-8750          720.314
0-8750          720.314
2-8750          720.314
6-8750          720.314
8-8750          720.314
4-8750          720.314
6-8800          720.314
3-8800          720.314
2-8800          720.314
7-8800          720.314
1-8800          720.314
9-8800          720.314
8-8800          720.314
4-8800          720.314
5-8800          720.314
0-8800          720.314
9-8800          720.314
7-8800          720.314
5-8800          720.314
6-8800          720.314
0-8800          720.314
2-8800          720.314
3-8800          720.314
1-8800          720.314
4-8800          720.314
8-8800          720.314
3-8850          720.314
6-8850          720.314
7-8850          720.314
8-8850          720.314
9-8850          720.314
1-8850          720.314
2-8850          720.314
5-8850          720.314
4-8850          720.314
0-8850          720.314
1-8850          720.314
7-8850          720.314
9-8850          720.314
5-8850          720.314
6-8850          720.314
8-8850          720.314
4-8850          720.314
2-8850          720.314
0-8850          720.314
3-8850          720.314
3-8900          720.314
6-8900          720.314
2-8900          720.314
7-8900          720.314
9-8900          720.314
1-8900          720.314
8-8900          720.314
4-8900          720.314
5-8900          720.314
0-8900          720.314
1-8900          720.314
9-8900          720.314
5-8900          720.314
2-8900          720.314
6-8900          720.314
8-8900          720.314
3-8900          720.314
0-8900          720.314
7-8900          720.314
4-8900          720.314
7-8950          720.314
6-8950          720.314
2-8950          720.314
1-8950          720.314
3-8950          720.314
9-8950          720.314
8-8950          720.314
4-8950          720.314
5-8950          720.314
0-8950          720.314
1-8950          720.314
9-8950          720.314
7-8950          720.314
5-8950          720.314
0-8950          720.314
6-8950          720.314
2-8950          720.314
8-8950          720.314
4-8950          720.314
3-8950          720.314
6-9000          720.314
7-9000          720.314
3-9000          720.314
2-9000          720.314
9-9000          720.314
1-9000          720.314
4-9000          720.314
5-9000          720.314
8-9000          720.314
0-9000          720.314
1-9000          720.314
9-9000          720.314
7-9000          720.314
5-9000          720.314
6-9000          720.314
2-9000          720.314
3-9000          720.314
0-9000          720.314
4-9000          720.314
8-9000          720.314
3-9050          720.314
6-9050          720.314
5-9050          720.314
7-9050          720.314
2-9050          720.314
1-9050          720.314
8-9050          720.314
9-9050          720.314
4-9050          720.314
0-9050          720.314
3-9050          720.314
7-9050          720.314
6-9050          720.314
5-9050          720.314
2-9050          720.314
9-9050          720.314
8-9050          720.314
1-9050          720.314
4-9050          720.314
0-9050          720.314
6-9100          720.314
3-9100          720.314
9-9100          720.314
5-9100          720.314
7-9100          720.314
1-9100          720.314
2-9100          720.314
0-9100          720.314
8-9100          720.314
4-9100          720.314
1-9100          720.314
9-9100          720.314
3-9100          720.314
5-9100          720.314
8-9100          720.314
7-9100          720.314
2-9100          720.314
0-9100          720.314
4-9100          720.314
6-9100          720.314
3-9150          720.314
2-9150          720.314
1-9150          720.314
6-9150          720.314
5-9150          720.314
8-9150          720.314
4-9150          720.314
0-9150          720.314
7-9150          720.314
9-9150          720.314
1-9150          720.314
3-9150          720.314
7-9150          720.314
6-9150          720.314
5-9150          720.314
9-9150          720.314
0-9150          720.314
2-9150          720.314
8-9150          720.314
4-9150          720.314
7-9200          720.314
6-9200          720.314
8-9200          720.314
2-9200          720.314
9-9200          720.314
4-9200          720.314
0-9200          720.314
1-9200          720.314
3-9200          720.314
5-9200          720.314
9-9200          720.314
6-9200          720.314
7-9200          720.314
5-9200          720.314
0-9200          720.314
1-9200          720.314
8-9200          720.314
3-9200          720.314
4-9200          720.314
2-9200          720.314
7-9250          720.314
6-9250          720.314
9-9250          720.314
1-9250          720.314
2-9250          720.314
3-9250          720.314
8-9250          720.314
4-9250          720.314
5-9250          720.314
0-9250          720.039
1-9250          720.039
9-9250          720.039
7-9250          720.039
5-9250          720.039
2-9250          720.039
6-9250          720.039
3-9250          720.039
8-9250          720.039
4-9250          720.039
0-9250          720.039
7-9300          720.039
6-9300          720.039
3-9300          720.039
2-9300          720.039
1-9300          720.039
9-9300          720.039
8-9300          720.039
5-9300          720.039
4-9300          720.039
0-9300          720.039
3-9300          720.039
9-9300          720.039
7-9300          720.039
6-9300          720.039
5-9300          720.039
1-9300          720.039
8-9300          720.039
0-9300          720.039
4-9300          720.039
2-9300          720.039
3-9350          719.624
7-9350          720.039
6-9350          720.039
9-9350          720.039
2-9350          720.039
1-9350          720.039
5-9350          720.039
8-9350          720.039
4-9350          720.039
0-9350          720.039
7-9350          719.624
9-9350          719.624
6-9350          719.624
3-9350          719.624
0-9350          719.624
1-9350          719.624
5-9350          719.624
8-9350          719.624
4-9350          719.624
2-9350          719.624
6-9400          719.624
3-9400          719.624
7-9400          719.624
9-9400          719.624
1-9400          719.624
2-9400          719.624
5-9400          719.624
4-9400          719.624
8-9400          719.105
0-9400          719.624
1-9400          719.105
9-9400          719.105
7-9400          719.105
5-9400          719.105
6-9400          719.105
8-9400          719.105
0-9400          719.105
3-9400          719.105
4-9400          719.105
2-9400          719.105
3-9450          719.105
6-9450          719.105
7-9450          719.105
1-9450          719.105
9-9450          719.105
2-9450          719.105
5-9450          719.105
4-9450          719.105
8-9450          719.105
0-9450          717.318
1-9450          717.318
9-9450          717.318
7-9450          717.318
5-9450          717.318
6-9450          717.318
3-9450          717.318
0-9450          717.318
8-9450          717.318
4-9450          717.318
2-9450          717.318
6-9500          717.318
7-9500          717.318
3-9500          717.318
9-9500          717.318
1-9500          717.318
2-9500          717.318
5-9500          717.318
4-9500          716.27
8-9500          717.318
0-9500          717.318
1-9500          716.27
3-9500          716.27
7-9500          716.27
5-9500          716.27
6-9500          716.27
0-9500          716.27
9-9500          716.27
2-9500          716.27
8-9500          716.27
4-9500          716.27
3-9550          716.27
1-9550          716.27
2-9550          716.27
7-9550          716.27
6-9550          716.27
9-9550          716.27
5-9550          716.27
4-9550          716.27
8-9550          716.27
0-9550          716.27
1-9550          716.27
9-9550          716.27
7-9550          716.27
6-9550          716.27
3-9550          716.27
2-9550          716.27
0-9550          716.27
5-9550          716.27
8-9550          716.27
4-9550          716.27
3-9600          716.27
7-9600          716.27
9-9600          716.27
2-9600          716.27
1-9600          714.182
6-9600          716.27
8-9600          716.27
5-9600          716.27
4-9600          716.27
0-9600          716.27
1-9600          714.182
3-9600          714.182
9-9600          714.182
7-9600          714.182
6-9600          714.182
5-9600          714.182
4-9600          714.182
0-9600          714.182
2-9600          714.182
8-9600          714.182
3-9650          714.182
1-9650          714.182
2-9650          714.182
7-9650          714.182
6-9650          714.182
9-9650          714.182
8-9650          714.182
4-9650          714.182
5-9650          714.182
0-9650          714.182
1-9650          714.182
7-9650          714.182
3-9650          714.182
5-9650          714.182
6-9650          714.182
0-9650          714.182
2-9650          714.182
8-9650          714.182
4-9650          714.182
9-9650          714.182
7-9700          714.182
3-9700          714.182
1-9700          714.182
6-9700          714.182
2-9700          714.182
9-9700          714.182
5-9700          714.182
4-9700          714.182
8-9700          714.182
0-9700          714.182
3-9700          714.182
1-9700          714.182
7-9700          714.182
0-9700          714.182
5-9700          714.182
9-9700          714.182
6-9700          714.182
2-9700          714.182
8-9700          714.182
4-9700          714.182
6-9750          714.182
3-9750          714.182
7-9750          714.182
2-9750          714.182
1-9750          714.182
9-9750          714.182
4-9750          714.182
5-9750          714.182
8-9750          714.182
0-9750          714.182
1-9750          714.182
3-9750          714.182
7-9750          714.182
5-9750          714.182
6-9750          714.182
9-9750          714.182
0-9750          714.182
2-9750          714.182
4-9750          714.182
8-9750          714.182
6-9800          714.182
3-9800          714.182
7-9800          714.182
2-9800          714.182
1-9800          714.182
9-9800          714.182
5-9800          714.182
4-9800          714.182
8-9800          714.182
0-9800          714.182
1-9800          714.182
9-9800          714.182
7-9800          714.182
5-9800          714.182
6-9800          714.182
0-9800          714.182
3-9800          714.182
2-9800          714.182
8-9800          714.182
4-9800          714.182
6-9850          714.182
3-9850          714.182
1-9850          714.182
7-9850          714.182
9-9850          714.182
2-9850          712.034
4-9850          714.182
8-9850          714.182
5-9850          714.182
0-9850          714.182
1-9850          712.034
7-9850          712.034
3-9850          712.034
5-9850          712.034
6-9850          712.034
9-9850          712.034
2-9850          712.034
0-9850          712.034
8-9850          712.034
4-9850          712.034
3-9900          712.034
6-9900          712.034
1-9900          712.034
7-9900          712.034
2-9900          712.034
9-9900          712.034
4-9900          712.034
5-9900          712.034
8-9900          712.034
0-9900          712.034
1-9900          712.034
7-9900          712.034
9-9900          712.034
3-9900          712.034
5-9900          712.034
0-9900          712.034
4-9900          712.034
2-9900          712.034
6-9900          712.034
8-9900          712.034
7-9950          712.034
6-9950          712.034
2-9950          711.949
3-9950          712.034
1-9950          712.034
9-9950          712.034
8-9950          712.034
4-9950          712.034
5-9950          712.034
0-9950          712.034
1-9950          711.949
9-9950          711.949
7-9950          711.949
6-9950          711.949
8-9950          711.949
0-9950          711.949
3-9950          711.949
5-9950          711.949
4-9950          711.949
2-9950          711.949
6-10000          711.949
1-10000          711.949
2-10000          711.949
3-10000          711.949
7-10000          711.949
8-10000          711.949
4-10000          711.949
9-10000          711.949
5-10000          711.949
0-10000          711.949
1-10000          711.949
7-10000          711.949
3-10000          711.949
5-10000          711.949
6-10000          711.949
9-10000          711.949
0-10000          711.949
8-10000          711.949
4-10000          711.949
2-10000          711.949
T-3-          14205476
T-6-          14205127
T-1-          14205359
T-4-          14205261
T-8-          14205251
T-7-          14205129
T-9-          14205412
T-5-          14205083
T-2-          14205260
T-0-          14205116
OPT          533.648
SUBOPT          711.949
