1
0-1          2770.88
0-50          1999.2
0-100          1747.36
0-150          1609.25
0-200          1555.7
0-250          1456.4
0-300          1410.36
0-350          1345.7
0-400          1314.11
0-450          1274.57
0-500          1246.94
0-550          1219.69
0-600          1202.46
0-650          1194.13
0-700          1180.75
0-750          1172.46
0-800          1162.03
0-850          1151.02
0-900          1147.67
0-950          1140.3
0-1000          1135.13
0-1050          1132.16
0-1100          1130.95
0-1150          1112.92
0-1200          1106.2
0-1250          1102
0-1300          1098.54
0-1350          1091.85
0-1400          1085.54
0-1450          1074.03
0-1500          1071.5
0-1550          1069.07
0-1600          1067.51
0-1650          1062.62
0-1700          1057.85
0-1750          1055.87
0-1800          1049.99
0-1850          1046.61
0-1900          1044.52
0-1950          1036.61
0-2000          1034.85
0-2050          1032.94
0-2100          1024.74
0-2150          1018.3
0-2200          1016.33
0-2250          1012.03
0-2300          1005.22
0-2350          1004.95
0-2400          1004.9
0-2450          1003.14
0-2500          997.66
0-2550          990.789
0-2600          987.332
0-2650          986.318
0-2700          984.394
0-2750          983.332
0-2800          982.238
0-2850          981.659
0-2900          979.774
0-2950          977.053
0-3000          975.935
0-3050          974.416
0-3100          970.051
0-3150          969.896
0-3200          967.934
0-3250          967.416
0-3300          962.836
0-3350          962.315
0-3400          960.606
0-3450          959.379
0-3500          959.001
0-3550          955.427
0-3600          952.231
0-3650          947.061
0-3700          946.161
0-3750          946.161
0-3800          945.634
0-3850          941.461
0-3900          938.925
0-3950          938.553
0-4000          934.661
0-4050          933.897
0-4100          929.303
0-4150          928.996
0-4200          924.364
0-4250          920.483
0-4300          920.483
0-4350          920.031
0-4400          919.192
0-4450          918.664
0-4500          917.261
0-4550          916.254
0-4600          915.902
0-4650          915.659
0-4700          914.764
0-4750          914.406
0-4800          914.406
0-4850          909.947
0-4900          908.786
0-4950          906.079
0-5000          905.813
0-5050          905.813
0-5100          904.457
0-5150          903.774
0-5200          901.462
0-5250          900.187
0-5300          899.92
0-5350          899.442
0-5400          898.897
0-5450          892.219
0-5500          891.448
0-5550          890.635
0-5600          890.635
0-5650          888.99
0-5700          888.99
0-5750          886.035
0-5800          886.035
0-5850          886.035
0-5900          885.619
0-5950          885.322
0-6000          882.738
0-6050          882.738
0-6100          882.355
0-6150          881.062
0-6200          880.939
0-6250          877.809
0-6300          875.79
0-6350          875.79
0-6400          874.272
0-6450          874.155
0-6500          873.692
0-6550          873.692
0-6600          870.852
0-6650          862.966
0-6700          859.615
0-6750          859.462
0-6800          859.462
0-6850          858.849
0-6900          858.802
0-6950          858.103
0-7000          858.103
0-7050          857.698
0-7100          857.698
0-7150          852.375
0-7200          850.399
0-7250          849.55
0-7300          849.55
0-7350          849.55
0-7400          849.55
0-7450          848.284
0-7500          847.618
0-7550          847.523
0-7600          847.523
0-7650          846.506
0-7700          846.506
0-7750          844.695
0-7800          844.054
0-7850          843.51
0-7900          842.392
0-7950          840.219
0-8000          839.755
0-8050          839.16
0-8100          839.16
0-8150          838.233
0-8200          838.233
0-8250          837.167
0-8300          837.167
0-8350          836.915
0-8400          836.915
0-8450          836.915
0-8500          832.427
0-8550          831.335
0-8600          831.234
0-8650          830.958
0-8700          830.726
0-8750          830.181
0-8800          829.588
0-8850          827.888
0-8900          827.831
0-8950          827.831
0-9000          827.742
0-9050          827.742
0-9100          827.139
0-9150          826.989
0-9200          825.623
0-9250          825.623
0-9300          824.924
0-9350          824.924
0-9400          823.49
0-9450          823.49
0-9500          823.364
0-9550          823.364
0-9600          821.871
0-9650          821.871
0-9700          820.159
0-9750          820.159
0-9800          819.657
0-9850          817.449
0-9900          817.449
0-9950          817.449
0-10000          817.449
T-0-          145382988
OPT          533.648
SUBOPT          817.449
