10
0-1          2834.05
3-1          2917.14
2-1          2871.68
9-1          2879.19
1-1          2833.33
5-1          2865.23
4-1          2845
6-1          2864.87
7-1          2835.99
8-1          2878.57
6-50          2084.53
9-50          2056.43
3-50          2056.92
4-50          2053.44
8-50          2064.73
1-50          2010.32
2-50          2057.12
5-50          2084.39
7-50          2098.31
0-50          2068.75
6-100          1825.44
8-100          1852.6
9-100          1818.59
3-100          1850.42
1-100          1809.94
2-100          1833.98
5-100          1811.89
4-100          1843.58
7-100          1850.07
0-100          1858.45
6-150          1678.64
8-150          1754.18
9-150          1689.99
2-150          1697.01
1-150          1705.19
5-150          1679.66
3-150          1711.78
4-150          1734
7-150          1732.6
0-150          1744.89
6-200          1547.79
8-200          1677.42
9-200          1603.83
1-200          1625.66
2-200          1600.34
5-200          1587.18
3-200          1598.73
4-200          1623.29
7-200          1632.22
0-200          1668.14
6-250          1466.1
8-250          1615.71
9-250          1522.98
1-250          1545.67
2-250          1534.82
5-250          1537.94
3-250          1546.36
4-250          1547.98
7-250          1586.85
0-250          1575.53
6-300          1425.51
8-300          1560.22
9-300          1451.33
1-300          1475.9
2-300          1471.97
5-300          1504.25
3-300          1495.25
4-300          1502.15
7-300          1521.9
0-300          1546.2
8-350          1503.18
6-350          1408.23
9-350          1404.14
1-350          1437.96
2-350          1434.92
5-350          1472.86
3-350          1423.73
4-350          1417.41
7-350          1489.68
0-350          1497.55
6-400          1384.88
8-400          1440.06
9-400          1376.24
1-400          1400.1
2-400          1380.35
5-400          1429.07
3-400          1389.8
7-400          1456.34
4-400          1386.51
0-400          1469.39
6-450          1351.52
8-450          1420.75
9-450          1326.71
1-450          1346.01
2-450          1355.97
5-450          1404.09
3-450          1354.55
7-450          1414.9
4-450          1350.68
0-450          1428.98
6-500          1305.98
8-500          1385.18
9-500          1293.45
1-500          1314.05
2-500          1345.32
5-500          1377.21
3-500          1330.09
7-500          1388.21
4-500          1321.23
0-500          1401.46
6-550          1272.78
8-550          1370.71
9-550          1255.8
1-550          1288.37
2-550          1317.33
5-550          1357.5
3-550          1300.89
7-550          1371.95
4-550          1286.39
0-550          1383.47
6-600          1232.98
8-600          1339.67
9-600          1228.86
1-600          1272.42
2-600          1298.25
5-600          1345.26
7-600          1348.44
3-600          1271.95
4-600          1272.64
0-600          1359.32
6-650          1224.66
8-650          1324.01
9-650          1203.07
1-650          1247.76
2-650          1272.35
7-650          1340.82
5-650          1312.67
3-650          1255.62
4-650          1255.79
0-650          1330.64
6-700          1209.2
8-700          1301.06
9-700          1188.18
1-700          1238.37
2-700          1259.97
7-700          1332.12
5-700          1284.62
3-700          1248.65
4-700          1240.46
0-700          1305.18
6-750          1181.89
8-750          1282.02
9-750          1155.57
1-750          1222.71
2-750          1252.52
7-750          1324.56
5-750          1264.56
3-750          1224.73
4-750          1230.73
0-750          1294.06
6-800          1173.42
8-800          1261.89
9-800          1136.77
1-800          1203.29
2-800          1236.54
7-800          1313.11
5-800          1251.54
3-800          1213.15
4-800          1215.52
0-800          1269.52
6-850          1152.39
8-850          1252.51
9-850          1121.07
1-850          1178.19
2-850          1227.09
7-850          1296.71
5-850          1244.55
3-850          1204.35
4-850          1189.72
0-850          1261.34
6-900          1137.93
8-900          1243.15
9-900          1117.72
1-900          1145.8
2-900          1200.57
7-900          1288.5
5-900          1232.15
3-900          1190.74
4-900          1169.77
0-900          1236.58
6-950          1128.73
8-950          1231.22
9-950          1113.1
1-950          1136.19
2-950          1184.82
7-950          1281.15
5-950          1222.61
3-950          1168.21
4-950          1161.39
0-950          1218.11
6-1000          1121.45
8-1000          1224.31
9-1000          1099.3
1-1000          1120.89
2-1000          1176.29
7-1000          1274.02
5-1000          1210.81
3-1000          1164.43
4-1000          1147.86
6-1050          1120.51
0-1000          1204.53
8-1050          1218.69
9-1050          1088.33
1-1050          1097.24
2-1050          1170.73
7-1050          1261.68
5-1050          1199.07
3-1050          1159.67
4-1050          1140.76
6-1100          1110.38
8-1100          1215.49
0-1050          1189.22
9-1100          1079.52
1-1100          1085.04
2-1100          1165.35
7-1100          1251.24
5-1100          1187.76
3-1100          1150.63
4-1100          1128.67
6-1150          1104.74
8-1150          1203.6
9-1150          1072.41
0-1100          1171.06
1-1150          1078.46
7-1150          1231.23
2-1150          1158.51
5-1150          1173.8
3-1150          1141.67
4-1150          1115.24
6-1200          1096.78
8-1200          1193.24
9-1200          1066.17
1-1200          1075.36
0-1150          1155.88
7-1200          1222.5
2-1200          1152.57
5-1200          1170.18
3-1200          1133.6
4-1200          1092.67
6-1250          1093.24
8-1250          1185.71
9-1250          1046.03
1-1250          1063.96
0-1200          1154.09
7-1250          1208.82
2-1250          1150.74
5-1250          1167.51
3-1250          1121.44
4-1250          1090.19
6-1300          1089.13
8-1300          1181.57
9-1300          1041.35
1-1300          1053.41
2-1300          1119.39
7-1300          1199.02
0-1250          1140.72
5-1300          1162.93
3-1300          1114.63
4-1300          1085.87
6-1350          1085.54
8-1350          1173.14
9-1350          1028.27
1-1350          1043.7
7-1350          1192.3
2-1350          1107.8
0-1300          1135.63
5-1350          1162.46
3-1350          1113.16
4-1350          1079.3
6-1400          1081.91
8-1400          1158.52
9-1400          1023.1
1-1400          1028.07
7-1400          1190.49
2-1400          1096.03
0-1350          1131.33
5-1400          1152.87
3-1400          1109.24
4-1400          1076.82
6-1450          1075.96
8-1450          1146.31
9-1450          1019.53
1-1450          1025.33
7-1450          1178.77
2-1450          1090.24
3-1450          1106.45
5-1450          1148.23
0-1400          1125.54
4-1450          1068.07
6-1500          1070.6
8-1500          1136.09
9-1500          1017.19
1-1500          1011.61
7-1500          1172.66
2-1500          1088.32
3-1500          1093.88
5-1500          1141.79
0-1450          1105.21
4-1500          1057.74
6-1550          1065.6
8-1550          1118.55
9-1550          1016.98
1-1550          1007.42
7-1550          1168.89
2-1550          1082.93
3-1550          1086.59
5-1550          1140.62
0-1500          1099.02
4-1550          1054.76
6-1600          1063.82
8-1600          1110.56
9-1600          1007.69
1-1600          995.313
7-1600          1161.18
2-1600          1076.74
3-1600          1080.64
5-1600          1138.98
0-1550          1090.46
4-1600          1050.48
6-1650          1061.65
8-1650          1106.04
9-1650          1000.65
1-1650          991.208
2-1650          1075.02
7-1650          1150.12
3-1650          1067.32
5-1650          1128.16
0-1600          1088.74
4-1650          1048.77
6-1700          1057.78
8-1700          1101.95
9-1700          993.759
1-1700          987.339
2-1700          1072.12
7-1700          1141.33
3-1700          1062.71
5-1700          1120.8
0-1650          1083.34
4-1700          1046.49
6-1750          1055.62
8-1750          1098.21
9-1750          987.598
1-1750          981.155
2-1750          1069.08
7-1750          1140.27
3-1750          1055.81
5-1750          1114.8
4-1750          1039.54
0-1700          1069.46
6-1800          1055.62
8-1800          1095.82
9-1800          984.124
1-1800          977.071
2-1800          1066.44
7-1800          1133.37
3-1800          1053.5
5-1800          1113.04
4-1800          1033.31
0-1750          1065.79
6-1850          1052.47
8-1850          1094.32
9-1850          980.942
1-1850          966.139
2-1850          1063.13
7-1850          1123.06
3-1850          1047.37
5-1850          1105.89
4-1850          1020.08
0-1800          1050.19
6-1900          1050.26
8-1900          1092.41
9-1900          977.912
1-1900          964.951
2-1900          1053.47
7-1900          1115.01
3-1900          1042.44
5-1900          1100.31
4-1900          1013.15
0-1850          1047.92
6-1950          1047.25
8-1950          1085.68
9-1950          971.456
1-1950          963.828
2-1950          1048.06
7-1950          1110.68
3-1950          1041.79
5-1950          1091.84
4-1950          1013.15
0-1900          1043.02
6-2000          1040
8-2000          1084.89
9-2000          966.114
1-2000          961.164
2-2000          1046.17
7-2000          1103.18
3-2000          1037.9
5-2000          1084.09
4-2000          1008.12
0-1950          1034.02
6-2050          1039.9
8-2050          1077.06
9-2050          961.509
1-2050          956.733
2-2050          1040.74
7-2050          1091.07
3-2050          1036.55
5-2050          1080.88
4-2050          1002.03
0-2000          1029.31
6-2100          1038.89
8-2100          1075.77
9-2100          960.333
1-2100          952.972
2-2100          1033.57
7-2100          1086.08
3-2100          1032.79
5-2100          1070.83
4-2100          999.534
6-2150          1034.66
0-2050          1025.27
8-2150          1065.09
9-2150          955.271
1-2150          951.965
2-2150          1033.13
7-2150          1086.08
3-2150          1026.9
5-2150          1067.16
4-2150          999.498
6-2200          1031.11
8-2200          1062.08
0-2100          1024.44
1-2200          947.317
9-2200          949.598
2-2200          1031.47
7-2200          1084.65
3-2200          1026.06
5-2200          1064.84
4-2200          996.757
6-2250          1028.57
8-2250          1062.08
0-2150          1022.69
1-2250          944.258
9-2250          942.12
2-2250          1028.47
7-2250          1083.14
3-2250          1021.56
5-2250          1060.57
4-2250          994.361
6-2300          1025.34
8-2300          1060.81
1-2300          944.258
0-2200          1012.03
9-2300          940.614
2-2300          1027.11
7-2300          1081.24
3-2300          1021.34
5-2300          1040.1
4-2300          991.795
6-2350          1017.18
8-2350          1055.96
1-2350          938.607
9-2350          934.369
0-2250          1008.53
2-2350          1024.69
7-2350          1078.61
3-2350          1020.72
5-2350          1035.65
4-2350          988.49
6-2400          1008.61
8-2400          1052.73
1-2400          935.61
9-2400          928.066
0-2300          1005.88
2-2400          1017.56
7-2400          1071.49
3-2400          1016.24
5-2400          1030.21
6-2450          1005.5
4-2400          985.613
8-2450          1048.7
1-2450          932.453
9-2450          923.516
0-2350          1000.55
2-2450          1016.78
7-2450          1069.23
3-2450          1004.21
5-2450          1022.97
6-2500          1004.48
4-2450          983.185
8-2500          1047.02
1-2500          923.697
9-2500          912.347
2-2500          1011.76
0-2400          999.003
7-2500          1066.54
3-2500          1001.59
5-2500          1019.69
6-2550          1000.7
8-2550          1042.06
4-2500          979.033
1-2550          922.65
9-2550          909.288
2-2550          1011.47
0-2450          994.697
7-2550          1060.23
3-2550          1001.55
5-2550          1015.88
6-2600          1000.39
8-2600          1037.73
4-2550          974.576
1-2600          919.736
9-2600          904.095
2-2600          1008.56
7-2600          1059.61
0-2500          994.697
3-2600          998.563
5-2600          1013.53
6-2650          1000.09
8-2650          1033.87
1-2650          917.566
4-2600          974.059
9-2650          900.218
2-2650          1003.45
7-2650          1056.71
0-2550          993.08
3-2650          997.986
5-2650          1008.17
6-2700          994.144
8-2700          1032.22
1-2700          915.872
4-2650          964.733
9-2700          896.655
2-2700          996.928
7-2700          1056.11
0-2600          990.845
3-2700          997.986
5-2700          1001.33
6-2750          988.634
8-2750          1030.64
1-2750          911.332
9-2750          894.331
4-2700          964.723
2-2750          995.455
7-2750          1053.44
0-2650          986.201
3-2750          994.227
5-2750          998.773
6-2800          987.392
8-2800          1029.17
1-2800          910.003
9-2800          891.317
4-2750          964.25
2-2800          993.835
7-2800          1044.82
0-2700          982.609
3-2800          993.146
5-2800          997.976
6-2850          984.271
8-2850          1025.5
1-2850          906.96
9-2850          886.975
4-2800          962.797
2-2850          987.115
7-2850          1041.19
3-2850          982.628
0-2750          982.466
5-2850          994.703
6-2900          981.934
8-2900          1020.55
1-2900          905.866
9-2900          882.531
4-2850          962.547
2-2900          986.578
7-2900          1036.87
3-2900          980.007
0-2800          981.609
5-2900          993.134
6-2950          979.85
8-2950          1016.42
1-2950          905.439
9-2950          871.862
2-2950          984.974
4-2900          960.3
7-2950          1036.2
3-2950          975.849
5-2950          991.476
0-2850          972.268
6-3000          979.042
8-3000          1011.2
1-3000          903.523
9-3000          867.478
2-3000          983.359
4-2950          958.522
7-3000          1033.9
3-3000          972.424
5-3000          989.026
0-2900          969.716
6-3050          978.752
8-3050          1008.15
1-3050          901.325
9-3050          867.289
2-3050          981.477
4-3000          956.142
7-3050          1031.88
3-3050          966.075
5-3050          985.43
0-2950          968.669
6-3100          977.629
8-3100          1002.95
1-3100          899
9-3100          866.292
2-3100          980.959
4-3050          955.515
7-3100          1029.3
3-3100          966.071
5-3100          976.019
0-3000          967.081
6-3150          973.299
8-3150          1002.18
1-3150          899
9-3150          863.115
2-3150          974.005
4-3100          952.407
7-3150          1025.54
3-3150          964.169
5-3150          972.548
0-3050          966.162
6-3200          971.654
8-3200          1001.48
1-3200          899
9-3200          859.912
2-3200          972.015
4-3150          946.611
7-3200          1023.62
3-3200          963.432
5-3200          965.275
0-3100          965.133
6-3250          969.764
8-3250          998.731
1-3250          898.675
9-3250          857.183
2-3250          971.909
4-3200          945.528
7-3250          1020.42
3-3250          962.604
5-3250          961.25
6-3300          966.414
0-3150          963.557
8-3300          997.885
1-3300          896.733
9-3300          855.712
2-3300          968.034
7-3300          1019.12
4-3250          939.789
3-3300          960.357
5-3300          956.13
6-3350          957.187
8-3350          996.647
0-3200          956.383
1-3350          895.957
9-3350          852.782
2-3350          967.906
7-3350          1018.02
4-3300          938.778
3-3350          955.989
5-3350          953.727
6-3400          954.458
8-3400          994.148
0-3250          953.191
1-3400          895.957
9-3400          852.782
2-3400          966.837
7-3400          1017.42
4-3350          935.97
3-3400          955.751
5-3400          947.214
6-3450          949.671
8-3450          987.519
0-3300          952.684
1-3450          895.633
9-3450          851.887
2-3450          963.11
7-3450          1015.06
4-3400          934.946
3-3450          954.357
5-3450          947.214
6-3500          948.874
8-3500          985.081
1-3500          895.633
9-3500          850.478
0-3350          950.977
2-3500          962.601
7-3500          1014.05
4-3450          932.394
3-3500          950.556
5-3500          946.397
6-3550          943.245
8-3550          982.913
1-3550          895.178
9-3550          847.624
0-3400          949.823
2-3550          958.997
7-3550          1013.77
4-3500          929.913
3-3550          944.493
5-3550          944.292
6-3600          941.969
8-3600          982.03
9-3600          846.261
1-3600          893.22
0-3450          948.559
2-3600          958.997
7-3600          1012.78
4-3550          929.913
3-3600          942.368
5-3600          939.49
6-3650          939.81
8-3650          979.914
1-3650          892.161
9-3650          846.261
2-3650          951.21
0-3500          945.282
7-3650          1010.57
4-3600          927.752
3-3650          942.368
5-3650          938.95
6-3700          936.455
8-3700          977.246
1-3700          892.059
9-3700          846.261
2-3700          947.361
0-3550          941.028
7-3700          1009.41
3-3700          938.384
4-3650          927.603
5-3700          938.258
6-3750          932.993
8-3750          975.273
9-3750          846.261
1-3750          890.529
2-3750          945.617
0-3600          937.602
7-3750          1005.2
3-3750          938.234
4-3700          926.79
5-3750          932.935
6-3800          931.876
8-3800          971.646
9-3800          846.014
1-3800          890.529
2-3800          945.275
0-3650          935.211
7-3800          1004.45
3-3800          934.968
4-3750          923.161
5-3800          932.516
6-3850          931.496
8-3850          971.646
9-3850          845.723
1-3850          890.524
2-3850          943.512
0-3700          933.778
7-3850          1002.39
3-3850          929.08
4-3800          921.228
5-3850          930.343
6-3900          931.14
8-3900          968.492
9-3900          843.432
1-3900          889.835
2-3900          941.438
0-3750          933.626
7-3900          1002.13
3-3900          926.57
4-3850          921.228
5-3900          930.323
6-3950          930.212
8-3950          965.873
9-3950          842.101
1-3950          889.835
2-3950          939.872
0-3800          931.12
7-3950          1001.71
3-3950          925.922
4-3900          916.641
5-3950          929.912
6-4000          929.761
8-4000          965.873
9-4000          837.386
1-4000          888.97
2-4000          939.872
7-4000          999.089
0-3850          930.381
3-4000          925.514
4-3950          916.641
5-4000          929.219
6-4050          926.615
8-4050          962.571
9-4050          836.224
1-4050          887.335
2-4050          938.346
7-4050          995.807
0-3900          923.742
3-4050          924.008
4-4000          916.544
5-4050          926.236
6-4100          925.789
8-4100          961.113
9-4100          835.153
1-4100          885.044
2-4100          938.106
7-4100          994.124
3-4100          921.699
0-3950          923.742
4-4050          916.544
6-4150          924.871
5-4100          925.178
8-4150          959.037
9-4150          834.103
1-4150          881.364
2-4150          937.475
7-4150          992.044
3-4150          921.598
0-4000          923.742
4-4100          916.544
6-4200          924.421
5-4150          923.303
8-4200          955.951
9-4200          829.526
1-4200          881.364
2-4200          937.475
7-4200          992.044
3-4200          920.676
0-4050          923.104
6-4250          921.997
4-4150          916.544
5-4200          923.303
8-4250          952.936
9-4250          827.477
1-4250          881.095
2-4250          936.677
7-4250          991.826
3-4250          919.92
0-4100          921.135
6-4300          921.997
5-4250          922.892
4-4200          916.476
8-4300          948.188
9-4300          827.477
1-4300          880.893
2-4300          932.575
7-4300          991.458
3-4300          919.585
6-4350          921.997
0-4150          920.739
5-4300          922.892
4-4250          916.373
8-4350          947.845
9-4350          824.146
1-4350          880.653
2-4350          932.087
7-4350          989.115
3-4350          919.271
6-4400          920.328
0-4200          920.446
5-4350          922.378
4-4300          915.881
8-4400          946.233
9-4400          819.516
1-4400          877.513
2-4400          928.547
7-4400          984.739
3-4400          917.398
6-4450          920.328
5-4400          919.665
0-4250          917.828
8-4450          942.88
4-4350          913.582
9-4450          818.684
1-4450          875.184
2-4450          923.243
7-4450          982.195
3-4450          907.877
6-4500          920.328
5-4450          918.393
0-4300          917.828
8-4500          940.972
4-4400          910.243
9-4500          816.352
1-4500          875.184
2-4500          923.109
7-4500          981.363
3-4500          907.524
6-4550          920.121
5-4500          915.518
8-4550          936.49
0-4350          917.751
4-4450          908.498
9-4550          814.492
1-4550          875.043
2-4550          920.794
7-4550          976.495
3-4550          906.2
6-4600          919.668
5-4550          915.126
8-4600          935.335
0-4400          914.53
4-4500          906.686
9-4600          813.497
1-4600          874.971
2-4600          919.513
7-4600          976.007
3-4600          902.985
6-4650          918.172
5-4600          914.081
8-4650          930.852
9-4650          811.751
4-4550          905.042
1-4650          874.279
0-4450          913.785
2-4650          916.268
7-4650          972.761
3-4650          901.504
6-4700          918.172
5-4650          912.68
8-4700          928.879
9-4700          811.751
1-4700          873.347
4-4600          903.953
0-4500          908.306
2-4700          916.144
7-4700          972.587
3-4700          898.719
6-4750          915.088
5-4700          910.168
8-4750          928.42
9-4750          809.297
1-4750          873.347
4-4650          903.668
0-4550          906.079
2-4750          913.699
7-4750          970.914
3-4750          898.715
6-4800          913.711
5-4750          909.401
8-4800          920.917
9-4800          807.76
1-4800          872.661
4-4700          903.668
0-4600          906.061
2-4800          913.668
7-4800          967.175
3-4800          898.377
6-4850          910.327
8-4850          920.356
5-4800          908.649
9-4850          806.302
1-4850          840.094
4-4750          903.668
2-4850          912.891
0-4650          904.983
7-4850          967.099
3-4850          898.339
6-4900          907.258
8-4900          918.839
5-4850          898.895
9-4900          804.07
1-4900          840.082
4-4800          903.38
2-4900          911.303
0-4700          904.983
7-4900          965.35
3-4900          897.618
6-4950          906.782
8-4950          918.839
5-4900          897.455
9-4950          802.025
1-4950          839.729
2-4950          907.442
4-4850          903.38
0-4750          902.568
7-4950          965.309
3-4950          893.156
6-5000          904.365
8-5000          917.51
5-4950          889.635
9-5000          801.86
1-5000          837.953
2-5000          905.985
4-4900          903.38
0-4800          902.443
7-5000          964.709
3-5000          891.066
6-5050          902.035
8-5050          915.419
5-5000          879.9
9-5050          799.409
1-5050          836.757
2-5050          903.01
4-4950          903.363
0-4850          895.991
7-5050          960.988
3-5050          890.176
6-5100          899.585
8-5100          912.099
5-5050          879.33
9-5100          789.29
1-5100          836.1
2-5100          903.01
4-5000          902.8
0-4900          895.94
7-5100          960.072
3-5100          890.005
6-5150          899.585
8-5150          912.099
5-5100          877.36
9-5150          788.391
1-5150          835.984
2-5150          902.467
4-5050          901.884
0-4950          895.477
7-5150          958.068
3-5150          889.906
6-5200          898.565
8-5200          911.202
5-5150          877.224
9-5200          787.112
1-5200          835.023
2-5200          901.425
4-5100          901.884
0-5000          895.477
7-5200          958.068
6-5250          898.565
3-5200          889.655
8-5250          910.751
5-5200          874.976
9-5250          786.752
1-5250          833.454
2-5250          896.546
4-5150          901.708
0-5050          892.236
6-5300          897.91
7-5250          957.903
3-5250          888.045
8-5300          910.7
5-5250          874.976
9-5300          785.629
1-5300          833.454
2-5300          894.094
4-5200          901.58
0-5100          890.447
6-5350          897.91
7-5300          957.903
3-5300          886.897
8-5350          909.549
9-5350          785.254
1-5350          833.454
5-5300          872.981
2-5350          893.172
4-5250          898.109
0-5150          889.684
6-5400          896.723
7-5350          957.884
3-5350          886.897
8-5400          909.224
9-5400          783.951
1-5400          833.077
5-5350          872.943
2-5400          893.172
4-5300          897.156
6-5450          895.798
0-5200          889.684
7-5400          957.884
3-5400          886.74
8-5450          906.736
9-5450          783.951
1-5450          832.408
5-5400          872.943
2-5450          893.082
4-5350          896.569
6-5500          895.35
7-5450          957.251
3-5450          886.264
0-5250          889.684
8-5500          902.883
9-5500          783.783
1-5500          832.334
5-5450          872.621
2-5500          893.082
4-5400          895.132
6-5550          895.35
7-5500          956.735
3-5500          883.349
0-5300          889.557
8-5550          902.883
1-5550          831.926
9-5550          783.783
5-5500          872.462
2-5550          893.082
4-5450          895.132
6-5600          894.638
7-5550          956.433
3-5550          883.126
0-5350          889.359
8-5600          901.665
1-5600          831.926
9-5600          782.972
5-5550          872.462
2-5600          893.082
4-5500          894.746
6-5650          894.638
7-5600          954.117
3-5600          883.126
8-5650          901.454
0-5400          889.359
1-5650          831.689
9-5650          782.972
5-5600          871.567
2-5650          892.776
4-5550          891.126
6-5700          894.638
7-5650          954.117
3-5650          881.614
8-5700          900.587
0-5450          889.359
1-5700          830.873
9-5700          782.972
5-5650          869.574
2-5700          891.954
4-5600          889.646
6-5750          894.164
7-5700          953.67
3-5700          877.489
8-5750          900.587
0-5500          889.359
1-5750          830.873
9-5750          782.972
5-5700          867.744
2-5750          889.078
6-5800          894.164
4-5650          888.153
3-5750          877.489
7-5750          952.964
8-5800          898.607
1-5800          830.873
9-5800          782.744
0-5550          886.198
5-5750          866.49
2-5800          886.672
6-5850          889.439
4-5700          887.604
3-5800          877.125
7-5800          952.483
8-5850          897.857
1-5850          828.938
9-5850          782.744
0-5600          885.547
5-5800          865.856
2-5850          886.431
6-5900          889.439
4-5750          887.538
3-5850          877.125
7-5850          952.268
8-5900          897.257
1-5900          828.218
9-5900          782.445
0-5650          885.531
5-5850          865.23
2-5900          880.298
6-5950          888.872
4-5800          883.731
3-5900          874.465
7-5900          946.817
8-5950          897.257
1-5950          828.218
9-5950          778.951
5-5900          865.23
0-5700          884.599
2-5950          871.755
6-6000          888.872
4-5850          883.1
3-5950          873.917
7-5950          946.817
8-6000          896.836
1-6000          828.218
9-6000          778.587
5-5950          862.436
0-5750          884.084
2-6000          867.533
6-6050          888.28
3-6000          873.917
4-5900          882.975
7-6000          946.282
8-6050          896.836
1-6050          827.62
9-6050          778.587
5-6000          861.032
2-6050          866.609
0-5800          884.061
6-6100          888.28
3-6050          873.917
7-6050          945.066
4-5950          882.792
8-6100          896.836
1-6100          827.62
9-6100          778.587
5-6050          860.183
2-6100          866.609
0-5850          883.664
6-6150          888.238
3-6100          872.85
7-6100          945.066
8-6150          896.159
4-6000          882.792
1-6150          827.62
9-6150          776.752
5-6100          860.001
2-6150          865.8
0-5900          882.346
6-6200          884.692
3-6150          872.558
8-6200          896.159
7-6150          945.066
4-6050          882.485
1-6200          827.62
9-6200          776.752
5-6150          853.847
2-6200          865.8
0-5950          881.576
6-6250          884.562
8-6250          895.925
3-6200          872.431
7-6200          944.321
4-6100          882.259
1-6250          825.614
9-6250          776.752
5-6200          853.365
2-6250          861.909
0-6000          880.817
6-6300          882.38
8-6300          895.869
3-6250          872.431
7-6250          944.321
1-6300          824.859
4-6150          882.259
9-6300          776.752
5-6250          851.531
2-6300          858.266
0-6050          880.469
6-6350          882.38
8-6350          894.244
3-6300          871.622
7-6300          944.321
1-6350          816.498
4-6200          882.259
9-6350          776.376
2-6350          856.458
5-6300          851.497
0-6100          879.997
6-6400          882.311
8-6400          891.47
3-6350          871.622
7-6350          941.257
1-6400          816.498
9-6400          776.376
4-6250          881.127
2-6400          853.314
5-6350          851.312
0-6150          879.997
6-6450          882.311
8-6450          890.746
3-6400          871.275
7-6400          940.912
1-6450          816.498
9-6450          775.877
4-6300          880.795
2-6450          853.314
5-6400          850.933
0-6200          877.949
6-6500          882.311
8-6500          889.307
3-6450          869.923
7-6450          938.595
1-6500          816.394
9-6500          775.786
4-6350          879.456
2-6500          852.441
5-6450          850.933
6-6550          882.311
0-6250          876.921
8-6550          889.307
3-6500          869.923
7-6500          938.595
1-6550          815.644
9-6550          773.231
4-6400          879.456
2-6550          850.186
5-6500          848.931
6-6600          882.311
0-6300          876.833
8-6600          886.431
3-6550          869.923
7-6550          938.47
1-6600          815.644
9-6600          772.334
4-6450          879.203
2-6600          849.354
5-6550          842.73
6-6650          882.113
0-6350          875.563
8-6650          885.824
3-6600          869.923
7-6600          937.264
1-6650          815.644
9-6650          771.159
4-6500          879.047
2-6650          848.136
5-6600          841.982
6-6700          880.296
0-6400          874.881
8-6700          885.824
3-6650          869.923
7-6650          936.972
1-6700          815.644
9-6700          771.004
4-6550          878.94
2-6700          847.142
5-6650          841.945
6-6750          879.07
0-6450          873.808
8-6750          885.818
3-6700          869.618
7-6700          936.721
1-6750          815.575
9-6750          765.226
2-6750          847.142
4-6600          878.94
5-6700          839.602
6-6800          879.07
8-6800          884.901
0-6500          873.745
3-6750          866.847
7-6750          936.416
1-6800          815.295
9-6800          765.226
2-6800          846.514
4-6650          878.389
5-6750          839.602
6-6850          878.857
8-6850          877.98
0-6550          873.491
3-6800          866.136
1-6850          815.295
7-6800          936.344
9-6850          765.226
2-6850          844.761
4-6700          878.303
5-6800          839.602
6-6900          877.638
8-6900          877.98
3-6850          866.136
0-6600          873.199
1-6900          815.09
7-6850          936.058
9-6900          763.148
2-6900          842.765
4-6750          877.212
5-6850          838.627
6-6950          876.352
8-6950          877.98
3-6900          866.136
1-6950          815.09
0-6650          872.268
9-6950          763.148
7-6900          933.168
2-6950          842.765
4-6800          876.726
5-6900          836.577
6-7000          876.352
8-7000          876.47
3-6950          866.136
1-7000          814.891
9-7000          762.118
7-6950          931.641
0-6700          871.2
2-7000          842.067
4-6850          876.558
5-6950          836.577
6-7050          875.788
8-7050          874.388
3-7000          866.136
1-7050          814.891
9-7050          762.118
7-7000          931.277
0-6750          871.2
2-7050          841.824
5-7000          836.577
4-6900          876.558
6-7100          874.951
8-7100          874.388
3-7050          866.136
1-7100          814.314
9-7100          762.118
7-7050          931.277
0-6800          871.2
2-7100          840.79
5-7050          832.795
4-6950          874.341
6-7150          874.733
8-7150          873.211
3-7100          866.136
1-7150          814.134
9-7150          762.118
7-7100          931.277
0-6850          871.2
2-7150          839.738
5-7100          830.098
4-7000          873.137
6-7200          873.999
8-7200          870.73
3-7150          866.136
1-7200          814.134
9-7200          761.405
7-7150          928.809
2-7200          839.738
0-6900          871.182
5-7150          830.089
4-7050          871.257
6-7250          873.677
8-7250          870.527
3-7200          866.136
1-7250          814.134
9-7250          760.56
7-7200          927.588
2-7250          838.684
0-6950          870.042
5-7200          829.186
4-7100          870.793
6-7300          873.133
8-7300          870.527
3-7250          865.882
1-7300          813.999
9-7300          759.152
7-7250          925.213
2-7300          838.684
0-7000          862.662
5-7250          828.538
4-7150          868.451
6-7350          873.133
8-7350          869.889
1-7350          812.718
3-7300          862.227
9-7350          759.152
7-7300          925.213
2-7350          838.286
0-7050          862.512
5-7300          824.848
4-7200          868.115
6-7400          872.455
8-7400          869.889
1-7400          812.628
3-7350          862.227
9-7400          756.328
7-7350          925.213
2-7400          838.286
0-7100          862.487
5-7350          824.848
6-7450          871.042
4-7250          867.304
8-7450          869.859
1-7450          812.628
9-7450          756.328
3-7400          862.227
7-7400          921.792
2-7450          833.236
0-7150          862.487
5-7400          820.344
6-7500          871.042
4-7300          867.087
8-7500          869.417
1-7500          812.491
3-7450          862.227
9-7500          756.328
7-7450          921.792
2-7500          833.236
5-7450          820.272
0-7200          861.69
6-7550          870.54
4-7350          861.471
8-7550          869.417
1-7550          812.25
3-7500          862.14
9-7550          755.74
7-7500          921.07
2-7550          831.455
5-7500          820.272
0-7250          860.996
6-7600          870.54
4-7400          859.78
8-7600          869.417
1-7600          812.25
3-7550          859.103
9-7600          755.223
7-7550          921.053
2-7600          826.029
5-7550          819.07
6-7650          870.54
0-7300          860.996
4-7450          858.05
8-7650          869.275
1-7650          812.175
9-7650          755.223
3-7600          858.045
7-7600          915.292
2-7650          824.756
5-7600          815.386
6-7700          869.094
0-7350          860.553
4-7500          858.05
8-7700          868.108
1-7700          812.175
9-7700          754.722
3-7650          856.776
7-7650          915.292
2-7700          823.04
5-7650          815.376
6-7750          868.556
0-7400          859.711
4-7550          857.64
8-7750          868.108
1-7750          806.786
9-7750          754.159
3-7700          855.383
7-7700          915.292
2-7750          818.061
5-7700          815.376
6-7800          868.513
0-7450          859.343
8-7800          868.108
4-7600          856.227
1-7800          806.591
9-7800          754.159
3-7750          855.337
7-7750          914.624
2-7800          817.374
5-7750          814.929
6-7850          868.037
0-7500          859.343
8-7850          866.425
4-7650          856.227
1-7850          806.591
9-7850          753.861
3-7800          855.337
7-7800          913.58
2-7850          816.855
6-7900          867.268
5-7800          814.909
8-7900          866.009
0-7550          858.832
4-7700          856.227
1-7900          806.286
9-7900          753.659
3-7850          855.337
7-7850          913.58
2-7900          816.855
6-7950          867.268
5-7850          814.909
8-7950          866.009
0-7600          858.832
4-7750          856.063
1-7950          805.905
9-7950          753.659
3-7900          854.035
7-7900          913.363
2-7950          814.852
6-8000          866.016
5-7900          814.909
8-8000          865.929
0-7650          858.121
4-7800          856.063
1-8000          805.905
9-8000          752.636
3-7950          854.035
7-7950          910.901
2-8000          814.839
6-8050          864.766
5-7950          813.727
8-8050          861.581
0-7700          857.7
4-7850          856.063
1-8050          805.905
9-8050          752.636
3-8000          853.108
7-8000          910.898
2-8050          814.839
6-8100          863.236
5-8000          813.727
8-8100          861.579
0-7750          857.7
4-7900          855.958
1-8100          805.901
9-8100          752.636
3-8050          850.196
7-8050          909.074
2-8100          810.14
6-8150          861.395
5-8050          810.875
8-8150          860.423
1-8150          805.798
4-7950          855.958
0-7800          857.133
9-8150          752.528
3-8100          850.196
7-8100          908.997
2-8150          810.14
6-8200          861.127
5-8100          810.875
8-8200          860.325
1-8200          804.452
4-8000          855.582
9-8200          752.494
0-7850          856.431
3-8150          850.196
7-8150          908.997
2-8200          810.14
6-8250          860.945
5-8150          807.54
8-8250          860.325
1-8250          800.795
9-8250          752.494
4-8050          855.582
3-8200          850.019
0-7900          856.431
7-8200          908.997
2-8250          809.912
6-8300          857.859
5-8200          807.54
8-8300          860.325
1-8300          799.86
9-8300          752.448
4-8100          855.582
3-8250          849.706
0-7950          856.431
7-8250          906.938
2-8300          807.352
6-8350          857.859
5-8250          807.507
8-8350          860.325
1-8350          799.689
9-8350          748.301
4-8150          853.443
3-8300          849.706
0-8000          852.076
2-8350          806.958
7-8300          905.677
6-8400          857.424
5-8300          807.077
8-8400          860.325
1-8400          798.726
9-8400          748.301
4-8200          853.3
3-8350          848.068
2-8400          806.395
7-8350          905.677
0-8050          852.076
6-8450          856.583
5-8350          806.074
8-8450          858.771
1-8450          798.594
9-8450          748.301
4-8250          853.3
3-8400          848.068
2-8450          804.367
7-8400          905.677
0-8100          851.793
6-8500          855.911
5-8400          806.074
8-8500          858.771
1-8500          798.096
9-8500          745.747
4-8300          853.3
3-8450          847.335
2-8500          804.367
7-8450          905.05
0-8150          851.673
6-8550          854.515
5-8450          806.074
8-8550          858.771
1-8550          798.096
9-8550          745.747
4-8350          853.3
3-8500          845.165
2-8550          800.996
7-8500          904.156
0-8200          851.495
6-8600          854.44
5-8500          806.074
8-8600          858.771
1-8600          798.096
9-8600          745.747
4-8400          852.474
3-8550          845.165
2-8600          800.996
7-8550          904.156
0-8250          851.305
6-8650          854.44
5-8550          805.88
8-8650          858.251
1-8650          798.096
9-8650          745.549
4-8450          852.474
3-8600          841.92
2-8650          799.377
7-8600          904.156
0-8300          851.305
6-8700          854.393
8-8700          857.066
5-8600          804.902
1-8700          798.096
9-8700          743.759
4-8500          852.474
3-8650          839.047
2-8700          799.346
7-8650          903.488
6-8750          854.393
0-8350          848.334
8-8750          857.066
5-8650          804.902
1-8750          795.581
9-8750          743.759
4-8550          852.474
3-8700          838.65
2-8750          799.346
7-8700          901.504
6-8800          854.337
0-8400          848.334
8-8800          857.066
5-8700          804.902
1-8800          795.581
9-8800          743.759
3-8750          838.65
4-8600          852.398
2-8800          799.346
7-8750          901.339
6-8850          854.197
0-8450          846.678
8-8850          855.609
5-8750          804.065
1-8850          795.506
9-8850          743.759
3-8800          838.65
4-8650          851.889
2-8850          799.346
7-8800          901.339
6-8900          852.995
0-8500          846.678
8-8900          855.609
5-8800          803.679
1-8900          795.506
9-8900          743.65
3-8850          838.65
4-8700          851.889
2-8900          797.959
7-8850          901.339
6-8950          852.66
0-8550          846.037
8-8950          854.913
5-8850          803.679
1-8950          794.059
9-8950          743.229
3-8900          838.597
4-8750          851.889
2-8950          797.959
7-8900          901.339
6-9000          852.169
8-9000          854.913
0-8600          846.037
5-8900          803.291
1-9000          793.38
9-9000          743.229
3-8950          838.576
4-8800          850.747
2-9000          797.959
7-8950          901.212
6-9050          852.169
8-9050          854.913
0-8650          846.037
5-8950          802.9
1-9050          793.155
9-9050          743.229
3-9000          837.374
2-9050          797.959
4-8850          850.747
7-9000          901.104
6-9100          851.987
8-9100          852.682
5-9000          802.9
0-8700          846.037
1-9100          791.461
9-9100          743.229
3-9050          837.374
2-9100          797.7
4-8900          850.747
7-9050          901.104
6-9150          851.243
8-9150          851.744
5-9050          802.9
0-8750          846.037
1-9150          791.255
9-9150          743.229
3-9100          837.374
2-9150          797.7
4-8950          846.662
7-9100          901.104
6-9200          851.243
8-9200          849.876
5-9100          802.835
0-8800          845.437
1-9200          791.255
9-9200          743.229
3-9150          837.374
2-9200          796.028
4-9000          846.662
7-9150          901.104
6-9250          850.189
8-9250          848.897
5-9150          802.426
0-8850          845.287
1-9250          791.253
9-9250          743.229
3-9200          837.3
2-9250          794.293
4-9050          846.036
7-9200          900.53
6-9300          848.617
8-9300          848.807
5-9200          802.292
1-9300          790.951
0-8900          845.287
9-9300          743.229
3-9250          837.3
2-9300          794.105
4-9100          845.967
7-9250          900.53
6-9350          847.245
8-9350          848.782
5-9250          802.292
1-9350          790.951
9-9350          743.142
0-8950          845.287
3-9300          837.3
2-9350          793.982
7-9300          899.84
4-9150          845.301
6-9400          847.245
8-9400          848.782
5-9300          802.085
1-9400          790.756
9-9400          742.997
0-9000          845.264
2-9400          793.561
3-9350          837.3
7-9350          899.353
6-9450          845.984
4-9200          845.139
8-9450          848.782
5-9350          801.642
1-9450          788.636
9-9450          742.997
0-9050          845.208
2-9450          793.561
3-9400          837.3
7-9400          899.142
6-9500          845.939
4-9250          844.004
8-9500          848.782
5-9400          801.003
1-9500          788.172
9-9500          742.997
0-9100          841.598
2-9500          792.92
3-9450          836.634
6-9550          845.939
7-9450          899.142
4-9300          844.004
8-9550          845.84
5-9450          800.028
1-9550          787.579
9-9550          742.997
0-9150          841.598
2-9550          792.888
3-9500          835.941
6-9600          845.629
7-9500          899.142
4-9350          843.24
8-9600          844.087
5-9500          800.028
1-9600          787.384
9-9600          742.997
0-9200          841.598
2-9600          792.888
3-9550          835.941
6-9650          845.608
7-9550          899.142
4-9400          840.701
8-9650          844.087
5-9550          800.028
1-9650          787.299
9-9650          741.382
2-9650          792.888
3-9600          835.941
0-9250          840.804
6-9700          845.002
7-9600          898.74
4-9450          840.378
8-9700          844.044
5-9600          799.791
1-9700          787.299
9-9700          741.382
2-9700          792.669
3-9650          835.941
0-9300          840.804
6-9750          844.834
7-9650          898.74
4-9500          840.164
8-9750          843.963
5-9650          799.791
1-9750          787.02
9-9750          740.326
2-9750          792.207
3-9700          835.645
0-9350          840.229
6-9800          841.324
7-9700          898.74
4-9550          840.164
8-9800          843.888
5-9700          799.565
1-9800          787.02
9-9800          740.326
2-9800          791.294
3-9750          835.645
6-9850          841.324
0-9400          840.229
7-9750          898.337
4-9600          840.164
8-9850          843.888
5-9750          799.565
1-9850          786.312
9-9850          740.326
2-9850          790.766
3-9800          835.645
6-9900          840.866
0-9450          839.865
7-9800          896.795
4-9650          840.164
8-9900          843.888
5-9800          799.524
1-9900          784.559
9-9900          739.769
2-9900          789.657
3-9850          835.645
6-9950          840.511
7-9850          896.499
0-9500          838.719
4-9700          840.164
8-9950          843.824
5-9850          799.524
1-9950          784.559
9-9950          739.769
2-9950          789.657
3-9900          835.473
6-10000          840.154
7-9900          896.499
0-9550          838.719
4-9750          840.075
8-10000          843.824
5-9900          799.196
1-10000          782.979
9-10000          739.769
2-10000          789.657
3-9950          835.082
7-9950          896.499
4-9800          839.209
0-9600          837.997
5-9950          798.914
3-10000          835.082
7-10000          894.977
4-9850          837.651
0-9650          837.666
5-10000          798.914
4-9900          837.338
0-9700          837.666
4-9950          837.338
0-9750          837.146
4-10000          836.704
0-9800          837.146
0-9850          837.146
0-9900          836.93
0-9950          836.93
0-10000          833.742
T-0-          12003074
T-9-          11487530
T-8-          11465403
T-4-          11752081
T-2-          11501711
T-3-          11563998
T-1-          11484000
T-7-          11572476
T-5-          11598142
OPT          533.648
SUBOPT          739.769
T-6-          11451444