2
0-1          2829.7
1-1          2806.03
0-50          1975.2
1-50          1960.26
1-50          1960.26
0-50          1960.26
0-100          1690.99
1-100          1698.96
1-100          1690.99
0-100          1690.99
0-150          1584.06
1-150          1573.22
1-150          1573.22
0-150          1573.22
0-200          1473.54
1-200          1510.08
1-200          1473.54
0-200          1473.54
0-250          1430.76
1-250          1415.01
1-250          1415.01
0-250          1415.01
0-300          1355.12
1-300          1362.46
1-300          1355.12
0-300          1355.12
0-350          1319.42
1-350          1312.37
1-350          1312.37
0-350          1312.37
0-400          1253.93
1-400          1268.16
1-400          1253.93
0-400          1253.93
0-450          1222.47
1-450          1230.52
1-450          1222.47
0-450          1222.47
0-500          1200.29
1-500          1211.49
1-500          1200.29
0-500          1200.29
0-550          1180.42
1-550          1182.03
1-550          1180.42
0-550          1180.42
0-600          1155.52
1-600          1155.21
1-600          1155.21
0-600          1155.21
0-650          1148.21
1-650          1143.68
1-650          1143.68
0-650          1143.68
0-700          1134.53
1-700          1135.7
1-700          1134.53
0-700          1134.53
0-750          1119.33
1-750          1118.64
1-750          1118.64
0-750          1118.64
0-800          1109.74
1-800          1106.7
1-800          1106.7
0-800          1106.7
0-850          1090.6
1-850          1092.65
1-850          1090.6
0-850          1090.6
0-900          1079.08
1-900          1083.03
1-900          1079.08
0-900          1079.08
0-950          1066.99
1-950          1064.23
1-950          1064.23
0-950          1064.23
0-1000          1056.4
1-1000          1063.9
1-1000          1056.4
0-1000          1056.4
0-1050          1051.84
1-1050          1045.62
1-1050          1045.62
0-1050          1045.62
0-1100          1035.47
1-1100          1036.45
1-1100          1035.47
0-1100          1035.47
0-1150          1027.26
1-1150          1031.66
1-1150          1027.26
0-1150          1027.26
0-1200          1022.54
1-1200          1024.37
1-1200          1022.54
0-1200          1022.54
0-1250          1017.97
1-1250          1017.3
1-1250          1017.3
0-1250          1017.3
0-1300          1016.57
1-1300          1013.84
1-1300          1013.84
0-1300          1013.84
0-1350          1006.82
1-1350          1010.72
1-1350          1006.82
0-1350          1006.82
0-1400          1005.03
1-1400          1002.36
1-1400          1002.36
0-1400          1002.36
0-1450          995.345
1-1450          987.167
1-1450          987.167
0-1450          987.167
0-1500          978.247
1-1500          984.433
1-1500          978.247
0-1500          978.247
0-1550          970.78
1-1550          974.13
1-1550          970.78
0-1550          970.78
0-1600          964.842
1-1600          965.099
1-1600          964.842
0-1600          964.842
0-1650          962.85
1-1650          964.2
1-1650          962.85
0-1650          962.85
0-1700          961.299
1-1700          960.635
1-1700          960.635
0-1700          960.635
0-1750          959.615
1-1750          950.94
1-1750          950.94
0-1750          950.94
0-1800          948.223
1-1800          949.982
1-1800          948.223
0-1800          948.223
0-1850          938.684
1-1850          946.417
1-1850          938.684
0-1850          938.684
0-1900          924.389
1-1900          936.454
1-1900          924.389
0-1900          924.389
0-1950          923.947
1-1950          924.301
1-1950          923.947
0-1950          923.947
0-2000          923.624
1-2000          919.013
1-2000          919.013
0-2000          919.013
0-2050          916.806
1-2050          913.183
1-2050          913.183
0-2050          913.183
0-2100          906.156
1-2100          912.17
1-2100          906.156
0-2100          906.156
0-2150          905.109
1-2150          903.277
1-2150          903.277
0-2150          903.277
0-2200          898.835
1-2200          898.159
1-2200          898.159
0-2200          898.159
0-2250          890.954
1-2250          893.203
1-2250          890.954
0-2250          890.954
0-2300          887.439
1-2300          886.926
1-2300          886.926
0-2300          886.926
0-2350          886.926
1-2350          884.196
1-2350          884.196
0-2350          884.196
0-2400          880.507
1-2400          883.933
1-2400          880.507
0-2400          880.507
0-2450          880.507
1-2450          878.492
1-2450          878.492
0-2450          878.492
0-2500          876.4
1-2500          877.793
1-2500          876.4
0-2500          876.4
0-2550          876.4
1-2550          876.042
1-2550          876.042
0-2550          876.042
0-2600          875.206
1-2600          874.661
1-2600          874.661
0-2600          874.661
0-2650          874.016
1-2650          867.339
1-2650          867.339
0-2650          867.339
0-2700          865.301
1-2700          864.455
1-2700          864.455
0-2700          864.455
0-2750          862.973
1-2750          861.7
1-2750          861.7
0-2750          861.7
0-2800          860.701
1-2800          861.7
1-2800          860.701
0-2800          860.701
0-2850          860.398
1-2850          860.551
1-2850          860.398
0-2850          860.398
0-2900          856.529
1-2900          858.036
1-2900          856.529
0-2900          856.529
0-2950          855.75
1-2950          854.75
1-2950          854.75
0-2950          854.75
0-3000          853.279
1-3000          852.115
1-3000          852.115
0-3000          852.115
0-3050          850.05
1-3050          851.798
1-3050          850.05
0-3050          850.05
1-3100          849.683
0-3100          847.647
1-3100          847.647
0-3100          847.647
0-3150          846.023
1-3150          847.395
1-3150          846.023
0-3150          846.023
0-3200          844.4
1-3200          845.259
1-3200          844.4
0-3200          844.4
0-3250          844.4
1-3250          844.24
1-3250          844.24
0-3250          844.24
0-3300          842.464
1-3300          843.021
1-3300          842.464
0-3300          842.464
0-3350          842.414
1-3350          842.257
1-3350          842.257
0-3350          842.257
0-3400          838.529
1-3400          841.804
1-3400          838.529
0-3400          838.529
0-3450          838.529
1-3450          837.263
1-3450          837.263
0-3450          837.263
0-3500          836.927
1-3500          837.263
1-3500          836.927
0-3500          836.927
0-3550          835.709
1-3550          836.927
1-3550          835.709
0-3550          835.709
0-3600          835.22
1-3600          834.383
1-3600          834.383
0-3600          834.383
0-3650          834.188
1-3650          833.5
1-3650          833.5
0-3650          833.5
0-3700          833.292
1-3700          833.5
1-3700          833.292
0-3700          833.292
0-3750          833.156
1-3750          833.292
1-3750          833.156
0-3750          833.156
0-3800          829.856
1-3800          833.028
1-3800          829.856
0-3800          829.856
0-3850          829.856
1-3850          826.828
1-3850          826.828
0-3850          826.828
0-3900          825.651
1-3900          826.398
1-3900          825.651
0-3900          825.651
0-3950          825.651
1-3950          825.087
1-3950          825.087
0-3950          825.087
0-4000          825.087
1-4000          825.07
1-4000          825.07
0-4000          825.07
0-4050          825.07
1-4050          824.506
1-4050          824.506
0-4050          824.506
0-4100          824.082
1-4100          824.506
1-4100          824.082
0-4100          824.082
0-4150          822.947
1-4150          822.955
1-4150          822.947
0-4150          822.947
1-4200          822.426
0-4200          822.947
1-4200          822.426
0-4200          822.426
0-4250          819.552
1-4250          821.728
1-4250          819.552
0-4250          819.552
0-4300          819.323
1-4300          819.552
1-4300          819.323
0-4300          819.323
0-4350          818.541
1-4350          818.32
1-4350          818.32
0-4350          818.32
0-4400          818.32
1-4400          818.32
1-4400          818.32
0-4400          818.32
0-4450          817.696
1-4450          818.006
1-4450          817.696
0-4450          817.696
0-4500          817.073
1-4500          817.387
1-4500          817.073
0-4500          817.073
0-4550          816.478
1-4550          817.073
1-4550          816.478
0-4550          816.478
0-4600          816.478
1-4600          816.478
1-4600          816.478
0-4600          816.478
0-4650          816.478
1-4650          816.478
1-4650          816.478
0-4650          816.478
0-4700          816.478
1-4700          812.463
1-4700          812.463
0-4700          812.463
0-4750          812.463
1-4750          812.463
1-4750          812.463
0-4750          812.463
0-4800          811.019
1-4800          812.228
1-4800          811.019
0-4800          811.019
0-4850          810.929
1-4850          810.665
1-4850          810.665
0-4850          810.665
0-4900          808.477
1-4900          810.401
1-4900          808.477
0-4900          808.477
0-4950          808.477
1-4950          808.395
1-4950          808.395
0-4950          808.395
0-5000          808.395
1-5000          808.345
1-5000          808.345
0-5000          808.345
0-5050          807.98
1-5050          808.345
1-5050          807.98
0-5050          807.98
0-5100          807.482
1-5100          807.746
1-5100          807.482
0-5100          807.482
0-5150          807.482
1-5150          806.928
1-5150          806.928
0-5150          806.928
0-5200          806.928
1-5200          806.107
1-5200          806.107
0-5200          806.107
0-5250          805.764
1-5250          805.027
1-5250          805.027
0-5250          805.027
0-5300          805.027
1-5300          805.027
1-5300          805.027
0-5300          805.027
0-5350          805.027
1-5350          804.953
1-5350          804.953
0-5350          804.953
0-5400          804.707
1-5400          804.36
1-5400          804.36
0-5400          804.36
0-5450          804.36
1-5450          804.36
1-5450          804.36
0-5450          804.36
0-5500          804.36
1-5500          804.36
1-5500          804.36
0-5500          804.36
0-5550          804.36
1-5550          803.984
1-5550          803.984
0-5550          803.984
0-5600          803.984
1-5600          803.937
1-5600          803.937
0-5600          803.937
0-5650          803.937
1-5650          803.937
1-5650          803.937
0-5650          803.937
0-5700          803.37
1-5700          803.937
1-5700          803.37
0-5700          803.37
0-5750          803.37
1-5750          802.866
1-5750          802.866
0-5750          802.866
0-5800          802.35
1-5800          802.866
1-5800          802.35
0-5800          802.35
0-5850          802.35
1-5850          801.163
1-5850          801.163
0-5850          801.163
0-5900          801.132
1-5900          801.163
1-5900          801.132
0-5900          801.132
0-5950          801.049
1-5950          800.342
1-5950          800.342
0-5950          800.342
0-6000          800.342
1-6000          800.342
1-6000          800.342
0-6000          800.342
0-6050          800.342
1-6050          800.342
1-6050          800.342
0-6050          800.342
1-6100          800.342
0-6100          799.14
1-6100          799.14
0-6100          799.14
0-6150          799.14
1-6150          799.057
1-6150          799.057
0-6150          799.057
0-6200          799.019
1-6200          799.057
1-6200          799.019
0-6200          799.019
0-6250          798.834
1-6250          799.019
1-6250          798.834
0-6250          798.834
0-6300          798.515
1-6300          798.834
1-6300          798.515
0-6300          798.515
0-6350          798.515
1-6350          798.176
1-6350          798.176
0-6350          798.176
0-6400          798.176
1-6400          798.176
1-6400          798.176
0-6400          798.176
0-6450          798.176
1-6450          798.176
1-6450          798.176
0-6450          798.176
0-6500          798.176
1-6500          798.176
1-6500          798.176
0-6500          798.176
0-6550          798.15
1-6550          798.163
1-6550          798.15
0-6550          798.15
0-6600          798.15
1-6600          798.142
1-6600          798.142
0-6600          798.142
0-6650          798.142
1-6650          798.142
1-6650          798.142
0-6650          798.142
0-6700          797.876
1-6700          796.464
1-6700          796.464
0-6700          796.464
0-6750          796.464
1-6750          796.464
1-6750          796.464
0-6750          796.464
0-6800          796.464
1-6800          796.303
1-6800          796.303
0-6800          796.303
0-6850          796.303
1-6850          796.213
1-6850          796.213
0-6850          796.213
0-6900          795.924
1-6900          796.213
1-6900          795.924
0-6900          795.924
0-6950          795.924
1-6950          795.924
1-6950          795.924
0-6950          795.924
0-7000          795.924
1-7000          795.924
1-7000          795.924
0-7000          795.924
0-7050          795.924
1-7050          795.924
1-7050          795.924
0-7050          795.924
0-7100          795.924
1-7100          795.924
1-7100          795.924
0-7100          795.924
0-7150          795.924
1-7150          795.896
1-7150          795.896
0-7150          795.896
0-7200          795.716
1-7200          795.896
1-7200          795.716
0-7200          795.716
0-7250          795.488
1-7250          795.716
1-7250          795.488
0-7250          795.488
0-7300          795.488
1-7300          795.356
1-7300          795.356
0-7300          795.356
0-7350          795.356
1-7350          795.356
1-7350          795.356
0-7350          795.356
0-7400          795.356
1-7400          795.332
1-7400          795.332
0-7400          795.332
0-7450          795.332
1-7450          795.332
1-7450          795.332
0-7450          795.332
0-7500          795.332
1-7500          795.332
1-7500          795.332
0-7500          795.332
0-7550          795.332
1-7550          793.29
1-7550          793.29
0-7550          793.29
0-7600          792.927
1-7600          791.272
1-7600          791.272
0-7600          791.272
0-7650          791.272
1-7650          791.272
1-7650          791.272
0-7650          791.272
0-7700          791.272
1-7700          790.909
1-7700          790.909
0-7700          790.909
0-7750          790.432
1-7750          790.909
1-7750          790.432
0-7750          790.432
0-7800          790.432
1-7800          790.136
1-7800          790.136
0-7800          790.136
0-7850          790.132
1-7850          789.996
1-7850          789.996
0-7850          789.996
0-7900          789.978
1-7900          789.996
1-7900          789.978
0-7900          789.978
0-7950          789.978
1-7950          789.978
1-7950          789.978
0-7950          789.978
0-8000          788.841
1-8000          789.626
1-8000          788.841
0-8000          788.841
0-8050          788.841
1-8050          788.841
1-8050          788.841
0-8050          788.841
0-8100          788.841
1-8100          788.49
1-8100          788.49
0-8100          788.49
0-8150          788.49
1-8150          788.49
1-8150          788.49
0-8150          788.49
0-8200          788.49
1-8200          788.49
1-8200          788.49
0-8200          788.49
0-8250          788.49
1-8250          788.49
1-8250          788.49
0-8250          788.49
0-8300          788.49
1-8300          788.49
1-8300          788.49
0-8300          788.49
0-8350          787.468
1-8350          788.49
1-8350          787.468
0-8350          787.468
0-8400          787.468
1-8400          787.468
1-8400          787.468
0-8400          787.468
0-8450          787.362
1-8450          787.468
1-8450          787.362
0-8450          787.362
0-8500          787.362
1-8500          787.362
1-8500          787.362
0-8500          787.362
0-8550          787.362
1-8550          787.128
1-8550          787.128
0-8550          787.128
0-8600          787.128
1-8600          787.128
1-8600          787.128
0-8600          787.128
0-8650          787.128
1-8650          787.128
1-8650          787.128
0-8650          787.128
0-8700          787.128
1-8700          786.055
1-8700          786.055
0-8700          786.055
0-8750          785.546
1-8750          786.055
1-8750          785.546
0-8750          785.546
0-8800          785.546
1-8800          785.255
1-8800          785.255
0-8800          785.255
0-8850          785.255
1-8850          785.255
1-8850          785.255
0-8850          785.255
0-8900          785.163
1-8900          785.255
1-8900          785.163
0-8900          785.163
0-8950          785.006
1-8950          784.184
1-8950          784.184
0-8950          784.184
0-9000          784.184
1-9000          784.184
1-9000          784.184
0-9000          784.184
0-9050          784.184
1-9050          784.184
1-9050          784.184
0-9050          784.184
0-9100          784.184
1-9100          783.632
1-9100          783.632
0-9100          783.632
0-9150          783.07
1-9150          783.612
1-9150          783.07
0-9150          783.07
0-9200          783.07
1-9200          783.07
1-9200          783.07
0-9200          783.07
0-9250          783.07
1-9250          783.07
1-9250          783.07
0-9250          783.07
0-9300          782.713
1-9300          783.07
1-9300          782.713
0-9300          782.713
0-9350          782.713
1-9350          782.713
1-9350          782.713
0-9350          782.713
0-9400          782.713
1-9400          782.713
1-9400          782.713
0-9400          782.713
0-9450          782.402
1-9450          782.713
1-9450          782.402
0-9450          782.402
0-9500          782.31
1-9500          782.402
1-9500          782.31
0-9500          782.31
0-9550          782.304
1-9550          782.31
1-9550          782.304
0-9550          782.304
0-9600          782.048
1-9600          782.304
1-9600          782.048
0-9600          782.048
0-9650          782.048
1-9650          782.048
1-9650          782.048
0-9650          782.048
0-9700          782.048
1-9700          781.995
1-9700          781.995
0-9700          781.995
0-9750          781.995
1-9750          781.995
1-9750          781.995
0-9750          781.995
0-9800          781.995
1-9800          781.976
1-9800          781.976
0-9800          781.976
0-9850          781.976
1-9850          781.673
1-9850          781.673
0-9850          781.673
0-9900          781.673
1-9900          781.673
1-9900          781.673
0-9900          781.673
0-9950          781.673
1-9950          781.673
1-9950          781.673
0-9950          781.673
0-10000          781.673
1-10000          781.673
1-10000          781.673
0-10000          781.673
T-1-          64166540
T-0-          64167615
OPT          533.648
SUBOPT          781.673
