2
0-1          2832.47
1-1          2876.28
0-100          1946.78
1-100          1996.29
0-100          1946.78
1-100          1946.78
0-200          1799.47
1-200          1713.8
0-200          1713.8
1-200          1713.8
0-300          1549.15
1-300          1584.15
0-300          1549.15
1-300          1549.15
1-400          1504.19
0-400          1499.11
0-400          1499.11
1-400          1499.11
1-500          1444.71
0-500          1455.4
0-500          1444.71
1-500          1444.71
0-600          1404.68
1-600          1384.65
0-600          1384.65
1-600          1384.65
0-700          1355.78
1-700          1346.89
0-700          1346.89
1-700          1346.89
0-800          1310.4
1-800          1309.01
0-800          1309.01
1-800          1309.01
0-900          1299.57
1-900          1284.28
0-900          1284.28
1-900          1284.28
0-1000          1250
1-1000          1266.91
0-1000          1250
1-1000          1250
T-0-          818189
OPT          533.648
SUBOPT          1250
T-1-          818228
