4
0-1          2976.63
1-1          2990.07
2-1          3000.15
3-1          3010.38
1-100          2819.36
0-100          2820.98
3-100          2843.86
2-100          2820.11
0-100          2819.36
1-100          2819.36
2-100          2819.36
3-100          2819.36
0-200          2798.28
3-200          2819.36
1-200          2819.36
2-200          2819.36
0-200          2798.28
1-200          2798.28
3-200          2798.28
2-200          2798.28
0-300          2798.28
2-300          2789.67
3-300          2759.22
1-300          2796.01
0-300          2759.22
1-300          2759.22
2-300          2759.22
3-300          2759.22
2-400          2759.22
3-400          2759.22
1-400          2759.22
0-400          2759.22
0-400          2759.22
1-400          2759.22
2-400          2759.22
3-400          2759.22
3-500          2759.22
0-500          2759.22
2-500          2759.22
1-500          2759.22
0-500          2759.22
1-500          2759.22
2-500          2759.22
3-500          2759.22
0-600          2759.22
3-600          2759.22
2-600          2759.22
1-600          2743.59
0-600          2743.59
1-600          2743.59
3-600          2743.59
2-600          2743.59
0-700          2743.59
3-700          2743.59
1-700          2743.59
2-700          2743.59
0-700          2743.59
1-700          2743.59
2-700          2743.59
3-700          2743.59
0-800          2743.59
3-800          2743.59
1-800          2743.59
2-800          2743.59
0-800          2743.59
1-800          2743.59
2-800          2743.59
3-800          2743.59
2-900          2743.59
0-900          2743.59
3-900          2743.59
1-900          2743.59
0-900          2743.59
1-900          2743.59
2-900          2743.59
3-900          2743.59
2-1000          2743.59
0-1000          2706.15
3-1000          2743.59
1-1000          2743.59
0-1000          2706.15
1-1000          2706.15
2-1000          2706.15
3-1000          2706.15
T-2-          42916
T-3-          42879
T-0-          42999
OPT          533.648
SUBOPT          2706.15
T-1-          43081
